#
# A fatal error has been detected by the Java Runtime Environment:
#
#  EXCEPTION_ACCESS_VIOLATION (0xc0000005) at pc=0x0000000057e1e359, pid=19600, tid=1888
#
# JRE version: Java(TM) SE Runtime Environment (16.0.2+7) (build 16.0.2+7-67)
# Java VM: Java HotSpot(TM) 64-Bit Server VM (16.0.2+7-67, mixed mode, sharing, tiered, compressed oops, compressed class ptrs, g1 gc, windows-amd64)
# Problematic frame:
# C  [gdx64.dll+0xe359]
#
# No core dump will be written. Minidumps are not enabled by default on client versions of Windows
#
# If you would like to submit a bug report, please visit:
#   https://bugreport.java.com/bugreport/crash.jsp
# The crash happened outside the Java Virtual Machine in native code.
# See problematic frame for where to report the bug.
#

---------------  S U M M A R Y ------------

Command Line: -XX:+ShowCodeDetailsInExceptionMessages com.mygdx.game.DesktopLauncher

Host: Intel(R) Core(TM) i5-4590 CPU @ 3.30GHz, 4 cores, 7G,  Windows 10 , 64 bit Build 19041 (10.0.19041.2788)
Time: Mon Apr 17 16:48:07 2023 FLE Daylight Time elapsed time: 168.046809 seconds (0d 0h 2m 48s)

---------------  T H R E A D  ---------------

Current thread (0x0000024ac302f790):  JavaThread "main" [_thread_in_native, id=1888, stack(0x0000009f3db00000,0x0000009f3dc00000)]

Stack: [0x0000009f3db00000,0x0000009f3dc00000],  sp=0x0000009f3dbfe760,  free space=1017k
Native frames: (J=compiled Java code, j=interpreted, Vv=VM code, C=native code)
C  [gdx64.dll+0xe359]

Java frames: (J=compiled Java code, j=interpreted, Vv=VM code)
J 1599  com.badlogic.gdx.graphics.g2d.Gdx2DPixmap.load([J[BII)Ljava/nio/ByteBuffer; (0 bytes) @ 0x0000024ad3c51540 [0x0000024ad3c514c0+0x0000000000000080]
J 1837 c2 com.badlogic.gdx.graphics.TextureData$Factory.loadFromFile(Lcom/badlogic/gdx/files/FileHandle;Lcom/badlogic/gdx/graphics/Pixmap$Format;Z)Lcom/badlogic/gdx/graphics/TextureData; (108 bytes) @ 0x0000024ad3bf4434 [0x0000024ad3bf2980+0x0000000000001ab4]
J 1790 c1 com.mygdx.game.player.Recipebook.Draw(Lcom/badlogic/gdx/graphics/g2d/Batch;Lcom/mygdx/game/camera/HudCamera;)V (427 bytes) @ 0x0000024acc6c199c [0x0000024acc6c0480+0x000000000000151c]
J 1887 c2 com.mygdx.game.player.Player.DrawHud(Lcom/badlogic/gdx/graphics/g2d/Batch;Lcom/mygdx/game/camera/HudCamera;[[Lcom/mygdx/game/map/Block;FLcom/mygdx/game/CustomInputProcessor;II)V (566 bytes) @ 0x0000024ad3c27394 [0x0000024ad3c264e0+0x0000000000000eb4]
J 2026 c2 com.mygdx.game.screens.GameScreen.render(F)V (559 bytes) @ 0x0000024ad3c791c4 [0x0000024ad3c78a40+0x0000000000000784]
J 2077 c2 com.badlogic.gdx.backends.lwjgl3.Lwjgl3Window.update()Z (217 bytes) @ 0x0000024ad3cae978 [0x0000024ad3cae380+0x00000000000005f8]
j  com.badlogic.gdx.backends.lwjgl3.Lwjgl3Application.loop()V+111
j  com.badlogic.gdx.backends.lwjgl3.Lwjgl3Application.<init>(Lcom/badlogic/gdx/ApplicationListener;Lcom/badlogic/gdx/backends/lwjgl3/Lwjgl3ApplicationConfiguration;)V+269
j  com.mygdx.game.DesktopLauncher.main([Ljava/lang/String;)V+50
v  ~StubRoutines::call_stub

siginfo: EXCEPTION_ACCESS_VIOLATION (0xc0000005), writing address 0x0000000000000000


Register to memory mapping:

RIP=0x0000000057e1e359 gdx64.dll
RAX=0x0 is NULL
RBX=0x0000009f3dbfea80 is pointing into the stack for thread: 0x0000024ac302f790
RCX=0x0 is NULL
RDX=0x0000000000000001 is an unknown value
RSP=0x0000009f3dbfe760 is pointing into the stack for thread: 0x0000024ac302f790
RBP=0x0000000057e15bc0 gdx64.dll
RSI=0x0000000057e17860 gdx64.dll
RDI=0x0000000057e15930 gdx64.dll
R8 =0x0 is NULL
R9 =0x0000009f3dbfe6d8 is pointing into the stack for thread: 0x0000024ac302f790
R10=0x0000000000000011 is an unknown value
R11=0x0000009f3dbfe2d0 is pointing into the stack for thread: 0x0000024ac302f790
R12=0x0000009f3dbfe9f4 is pointing into the stack for thread: 0x0000024ac302f790
R13=0x0000009f3dbfea7c is pointing into the stack for thread: 0x0000024ac302f790
R14=0x0000009f3dbfec20 is pointing into the stack for thread: 0x0000024ac302f790
R15=0x0000024ac302f790 is a thread


Registers:
RAX=0x0000000000000000, RBX=0x0000009f3dbfea80, RCX=0x0000000000000000, RDX=0x0000000000000001
RSP=0x0000009f3dbfe760, RBP=0x0000000057e15bc0, RSI=0x0000000057e17860, RDI=0x0000000057e15930
R8 =0x0000000000000000, R9 =0x0000009f3dbfe6d8, R10=0x0000000000000011, R11=0x0000009f3dbfe2d0
R12=0x0000009f3dbfe9f4, R13=0x0000009f3dbfea7c, R14=0x0000009f3dbfec20, R15=0x0000024ac302f790
RIP=0x0000000057e1e359, EFLAGS=0x0000000000010206

Top of Stack: (sp=0x0000009f3dbfe760)
0x0000009f3dbfe760:   0000009f3dbfea80 0000000057e17860
0x0000009f3dbfe770:   302f393939312f67 6664722d32322f32
0x0000009f3dbfe780:   2d7861746e79732d 20200a3e2223736e
0x0000009f3dbfe790:   7365443a6664723c 6e6f697470697263
0x0000009f3dbfe7a0:   6f62613a66647220 20200a22223d7475
0x0000009f3dbfe7b0:   3a736e6c6d782020 68223d4d4d706d78
0x0000009f3dbfe7c0:   736e2f2f3a707474 632e65626f64612e
0x0000009f3dbfe7d0:   312f7061782f6d6f 0a222f6d6d2f302e
0x0000009f3dbfe7e0:   6e6c6d7820202020 3d74764574733a73
0x0000009f3dbfe7f0:   2f2f3a7074746822 65626f64612e736e
0x0000009f3dbfe800:   7061782f6d6f632e 7954732f302e312f
0x0000009f3dbfe810:   756f7365522f6570 746e657645656372
0x0000009f3dbfe820:   78202020200a2223 3d63643a736e6c6d
0x0000009f3dbfe830:   2f2f3a7074746822 67726f2e6c727570
0x0000009f3dbfe840:   6d656c652f63642f 312e312f73746e65
0x0000009f3dbfe850:   78202020200a222f 4d49473a736e6c6d 

Instructions: (pc=0x0000000057e1e359)
0x0000000057e1e259:   0f b6 43 02 45 84 c0 74 4e 45 89 c2 69 c0 ff 00
0x0000000057e1e269:   00 00 41 d0 ea 45 0f b6 d2 44 01 d0 99 41 f7 f8
0x0000000057e1e279:   88 03 0f b6 43 01 69 c0 ff 00 00 00 44 01 d0 99
0x0000000057e1e289:   41 f7 f8 88 43 01 0f b6 c1 69 c0 ff 00 00 00 44
0x0000000057e1e299:   01 d0 99 41 f7 f8 88 43 02 48 83 c3 04 4c 39 cb
0x0000000057e1e2a9:   75 a6 e9 46 fc ff ff 88 03 88 4b 02 eb eb 66 0f
0x0000000057e1e2b9:   1f 84 00 00 00 00 00 41 57 41 56 41 55 41 54 55
0x0000000057e1e2c9:   57 56 53 48 81 ec 08 02 00 00 0f 29 b4 24 b0 01
0x0000000057e1e2d9:   00 00 0f 29 bc 24 c0 01 00 00 44 0f 29 84 24 d0
0x0000000057e1e2e9:   01 00 00 44 0f 29 8c 24 e0 01 00 00 44 0f 29 94
0x0000000057e1e2f9:   24 f0 01 00 00 48 8d 2d bb 78 ff ff 48 8d 3d 24
0x0000000057e1e309:   76 ff ff 48 8d 35 4d 95 ff ff 48 89 cb b9 88 48
0x0000000057e1e319:   00 00 4c 8b a4 24 78 02 00 00 4c 89 84 24 60 02
0x0000000057e1e329:   00 00 4c 89 8c 24 68 02 00 00 48 89 94 24 58 02
0x0000000057e1e339:   00 00 49 c7 04 24 08 00 00 00 41 c7 44 24 08 00
0x0000000057e1e349:   00 00 00 e8 e7 d0 00 00 ba 01 00 00 00 48 89 c1
0x0000000057e1e359:   48 89 18 48 89 a8 70 48 00 00 48 89 b8 78 48 00
0x0000000057e1e369:   00 49 89 c5 48 89 b0 80 48 00 00 e8 97 d1 ff ff
0x0000000057e1e379:   41 89 c6 48 8b 83 c8 00 00 00 4c 89 e9 48 89 83
0x0000000057e1e389:   b8 00 00 00 48 8b 83 d0 00 00 00 48 89 83 c0 00
0x0000000057e1e399:   00 00 e8 b0 d0 00 00 45 85 f6 0f 85 58 01 00 00
0x0000000057e1e3a9:   48 8d 2d 58 fd 00 00 be 89 ff ff ff 48 8d 7d 08
0x0000000057e1e3b9:   eb 09 0f 1f 44 00 00 0f b6 75 00 48 89 d9 e8 e4
0x0000000057e1e3c9:   84 ff ff 40 38 f0 0f 85 37 02 00 00 48 83 c5 01
0x0000000057e1e3d9:   48 39 ef 75 e2 48 8b 83 c8 00 00 00 83 bc 24 70
0x0000000057e1e3e9:   02 00 00 04 48 89 9c 24 f0 00 00 00 48 89 83 b8
0x0000000057e1e3f9:   00 00 00 48 8b 83 d0 00 00 00 48 89 83 c0 00 00
0x0000000057e1e409:   00 0f 87 a0 19 00 00 44 8b 84 24 70 02 00 00 48
0x0000000057e1e419:   8d 8c 24 f0 00 00 00 31 d2 e8 99 ef ff ff 85 c0
0x0000000057e1e429:   0f 84 40 05 00 00 8b 84 24 10 01 00 00 ba 08 00
0x0000000057e1e439:   00 00 4c 8b b4 24 08 01 00 00 48 c7 84 24 08 01
0x0000000057e1e449:   00 00 00 00 00 00 83 f8 07 0f 4e c2 8b 94 24 70 


Stack slot to memory mapping:
stack at sp + 0 slots: 0x0000009f3dbfea80 is pointing into the stack for thread: 0x0000024ac302f790
stack at sp + 1 slots: 0x0000000057e17860 gdx64.dll
stack at sp + 2 slots: 0x302f393939312f67 is an unknown value
stack at sp + 3 slots: 0x6664722d32322f32 is an unknown value
stack at sp + 4 slots: 0x2d7861746e79732d is an unknown value
stack at sp + 5 slots: 0x20200a3e2223736e is an unknown value
stack at sp + 6 slots: 0x7365443a6664723c is an unknown value
stack at sp + 7 slots: 0x6e6f697470697263 is an unknown value


---------------  P R O C E S S  ---------------

Threads class SMR info:
_java_thread_list=0x0000024aeb79fa10, length=12, elements={
0x0000024ac302f790, 0x0000024ae26b35d0, 0x0000024ae26b41d0, 0x0000024ae26c6cb0,
0x0000024ae26c77c0, 0x0000024ae26ca1d0, 0x0000024ae26cabd0, 0x0000024ae26cd910,
0x0000024ae26e3040, 0x0000024ae26fd670, 0x0000024ae31a3e80, 0x0000024ae31ce0d0
}

Java Threads: ( => current thread )
=>0x0000024ac302f790 JavaThread "main" [_thread_in_native, id=1888, stack(0x0000009f3db00000,0x0000009f3dc00000)]
  0x0000024ae26b35d0 JavaThread "Reference Handler" daemon [_thread_blocked, id=19448, stack(0x0000009f3e200000,0x0000009f3e300000)]
  0x0000024ae26b41d0 JavaThread "Finalizer" daemon [_thread_blocked, id=7060, stack(0x0000009f3e300000,0x0000009f3e400000)]
  0x0000024ae26c6cb0 JavaThread "Signal Dispatcher" daemon [_thread_blocked, id=1860, stack(0x0000009f3e400000,0x0000009f3e500000)]
  0x0000024ae26c77c0 JavaThread "Attach Listener" daemon [_thread_blocked, id=19688, stack(0x0000009f3e500000,0x0000009f3e600000)]
  0x0000024ae26ca1d0 JavaThread "Service Thread" daemon [_thread_blocked, id=1864, stack(0x0000009f3e600000,0x0000009f3e700000)]
  0x0000024ae26cabd0 JavaThread "Monitor Deflation Thread" daemon [_thread_blocked, id=19504, stack(0x0000009f3e700000,0x0000009f3e800000)]
  0x0000024ae26cd910 JavaThread "C2 CompilerThread0" daemon [_thread_blocked, id=14376, stack(0x0000009f3e800000,0x0000009f3e900000)]
  0x0000024ae26e3040 JavaThread "C1 CompilerThread0" daemon [_thread_blocked, id=11924, stack(0x0000009f3e900000,0x0000009f3ea00000)]
  0x0000024ae26fd670 JavaThread "Sweeper thread" daemon [_thread_blocked, id=20040, stack(0x0000009f3ea00000,0x0000009f3eb00000)]
  0x0000024ae31a3e80 JavaThread "Notification Thread" daemon [_thread_blocked, id=20388, stack(0x0000009f3eb00000,0x0000009f3ec00000)]
  0x0000024ae31ce0d0 JavaThread "Common-Cleaner" daemon [_thread_blocked, id=14028, stack(0x0000009f3ed00000,0x0000009f3ee00000)]

Other Threads:
  0x0000024ae26adad0 VMThread "VM Thread" [stack: 0x0000009f3e100000,0x0000009f3e200000] [id=16600]
  0x0000024ae31c63f0 WatcherThread [stack: 0x0000009f3ec00000,0x0000009f3ed00000] [id=18716]
  0x0000024ac30782f0 GCTaskThread "GC Thread#0" [stack: 0x0000009f3dc00000,0x0000009f3dd00000] [id=2340]
  0x0000024ae5271ae0 GCTaskThread "GC Thread#1" [stack: 0x0000009f3f700000,0x0000009f3f800000] [id=1164]
  0x0000024ae5271df0 GCTaskThread "GC Thread#2" [stack: 0x0000009f3f800000,0x0000009f3f900000] [id=17484]
  0x0000024ae5272100 GCTaskThread "GC Thread#3" [stack: 0x0000009f3f900000,0x0000009f3fa00000] [id=11952]
  0x0000024ac308ae30 ConcurrentGCThread "G1 Main Marker" [stack: 0x0000009f3dd00000,0x0000009f3de00000] [id=12104]
  0x0000024ac308b740 ConcurrentGCThread "G1 Conc#0" [stack: 0x0000009f3de00000,0x0000009f3df00000] [id=10724]
  0x0000024ac30f74f0 ConcurrentGCThread "G1 Refine#0" [stack: 0x0000009f3df00000,0x0000009f3e000000] [id=5260]
  0x0000024ac30f7e10 ConcurrentGCThread "G1 Service" [stack: 0x0000009f3e000000,0x0000009f3e100000] [id=4696]

Threads with active compile tasks:

VM state: not at safepoint (normal execution)

VM Mutex/Monitor currently owned by a thread: None

Heap address: 0x0000000081e00000, size: 2018 MB, Compressed Oops mode: 32-bit

CDS archive(s) mapped at: [0x0000000800000000-0x0000000800bb0000-0x0000000800bb0000), size 12255232, SharedBaseAddress: 0x0000000800000000, ArchiveRelocationMode: 0.
Compressed class space mapped at: 0x0000000800c00000-0x0000000840c00000, reserved size: 1073741824
Narrow klass base: 0x0000000800000000, Narrow klass shift: 3, Narrow klass range: 0x100000000

GC Precious Log:
 CPUs: 4 total, 4 available
 Memory: 8068M
 Large Page Support: Disabled
 NUMA Support: Disabled
 Compressed Oops: Enabled (32-bit)
 Heap Region Size: 1M
 Heap Min Capacity: 8M
 Heap Initial Capacity: 128M
 Heap Max Capacity: 2018M
 Pre-touch: Disabled
 Parallel Workers: 4
 Concurrent Workers: 1
 Concurrent Refinement Workers: 4
 Periodic GC: Disabled

Heap:
 garbage-first heap   total 386048K, used 240089K [0x0000000081e00000, 0x0000000100000000)
  region size 1024K, 124 young (126976K), 3 survivors (3072K)
 Metaspace       used 7071K, committed 7232K, reserved 1064960K
  class space    used 432K, committed 512K, reserved 1048576K

Heap Regions: E=young(eden), S=young(survivor), O=old, HS=humongous(starts), HC=humongous(continues), CS=collection set, F=free, OA=open archive, CA=closed archive, TAMS=top-at-mark-start (previous, next)
|   0|0x0000000081e00000, 0x0000000081efffd8, 0x0000000081f00000| 99%| O|  |TAMS 0x0000000081e00000, 0x0000000081e00000| Untracked 
|   1|0x0000000081f00000, 0x0000000081ffffc8, 0x0000000082000000| 99%| O|  |TAMS 0x0000000081f00000, 0x0000000081f00000| Untracked 
|   2|0x0000000082000000, 0x00000000820fffd8, 0x0000000082100000| 99%| O|  |TAMS 0x0000000082000000, 0x0000000082000000| Untracked 
|   3|0x0000000082100000, 0x00000000821fffd8, 0x0000000082200000| 99%| O|  |TAMS 0x0000000082100000, 0x0000000082100000| Untracked 
|   4|0x0000000082200000, 0x00000000822fffd8, 0x0000000082300000| 99%| O|  |TAMS 0x0000000082200000, 0x0000000082200000| Untracked 
|   5|0x0000000082300000, 0x00000000823fffd8, 0x0000000082400000| 99%| O|  |TAMS 0x0000000082300000, 0x0000000082300000| Untracked 
|   6|0x0000000082400000, 0x00000000824fffd0, 0x0000000082500000| 99%| O|  |TAMS 0x0000000082400000, 0x0000000082400000| Untracked 
|   7|0x0000000082500000, 0x00000000825fffd8, 0x0000000082600000| 99%| O|  |TAMS 0x0000000082500000, 0x0000000082500000| Untracked 
|   8|0x0000000082600000, 0x00000000826fffc8, 0x0000000082700000| 99%| O|  |TAMS 0x0000000082600000, 0x0000000082600000| Untracked 
|   9|0x0000000082700000, 0x00000000827ff210, 0x0000000082800000| 99%| O|  |TAMS 0x0000000082700000, 0x0000000082700000| Untracked 
|  10|0x0000000082800000, 0x0000000082900000, 0x0000000082900000|100%| O|  |TAMS 0x0000000082800000, 0x0000000082800000| Untracked 
|  11|0x0000000082900000, 0x00000000829fffc8, 0x0000000082a00000| 99%| O|  |TAMS 0x0000000082900000, 0x0000000082900000| Untracked 
|  12|0x0000000082a00000, 0x0000000082afffe0, 0x0000000082b00000| 99%| O|  |TAMS 0x0000000082a00000, 0x0000000082a00000| Untracked 
|  13|0x0000000082b00000, 0x0000000082bfffd8, 0x0000000082c00000| 99%| O|  |TAMS 0x0000000082b00000, 0x0000000082b00000| Untracked 
|  14|0x0000000082c00000, 0x0000000082d00000, 0x0000000082d00000|100%| O|  |TAMS 0x0000000082c00000, 0x0000000082c00000| Untracked 
|  15|0x0000000082d00000, 0x0000000082dfffc8, 0x0000000082e00000| 99%| O|  |TAMS 0x0000000082d00000, 0x0000000082d00000| Untracked 
|  16|0x0000000082e00000, 0x0000000082efffc8, 0x0000000082f00000| 99%| O|  |TAMS 0x0000000082e00000, 0x0000000082e00000| Untracked 
|  17|0x0000000082f00000, 0x0000000082ffffc8, 0x0000000083000000| 99%| O|  |TAMS 0x0000000082f00000, 0x0000000082f00000| Untracked 
|  18|0x0000000083000000, 0x00000000830fffd0, 0x0000000083100000| 99%| O|  |TAMS 0x0000000083000000, 0x0000000083000000| Untracked 
|  19|0x0000000083100000, 0x00000000831fffd8, 0x0000000083200000| 99%| O|  |TAMS 0x0000000083100000, 0x0000000083100000| Untracked 
|  20|0x0000000083200000, 0x00000000832fffc8, 0x0000000083300000| 99%| O|  |TAMS 0x0000000083200000, 0x0000000083200000| Untracked 
|  21|0x0000000083300000, 0x00000000833fffd8, 0x0000000083400000| 99%| O|  |TAMS 0x0000000083300000, 0x0000000083300000| Untracked 
|  22|0x0000000083400000, 0x00000000834fffd0, 0x0000000083500000| 99%| O|  |TAMS 0x0000000083400000, 0x0000000083400000| Untracked 
|  23|0x0000000083500000, 0x00000000835fffd8, 0x0000000083600000| 99%| O|  |TAMS 0x0000000083500000, 0x0000000083500000| Untracked 
|  24|0x0000000083600000, 0x00000000836fffd8, 0x0000000083700000| 99%| O|  |TAMS 0x0000000083600000, 0x0000000083600000| Untracked 
|  25|0x0000000083700000, 0x00000000837fffd8, 0x0000000083800000| 99%| O|  |TAMS 0x0000000083700000, 0x0000000083700000| Untracked 
|  26|0x0000000083800000, 0x00000000838ffd00, 0x0000000083900000| 99%| O|  |TAMS 0x0000000083800000, 0x0000000083800000| Untracked 
|  27|0x0000000083900000, 0x00000000839fffc8, 0x0000000083a00000| 99%| O|  |TAMS 0x0000000083900000, 0x0000000083900000| Untracked 
|  28|0x0000000083a00000, 0x0000000083afffd8, 0x0000000083b00000| 99%| O|  |TAMS 0x0000000083a00000, 0x0000000083a00000| Untracked 
|  29|0x0000000083b00000, 0x0000000083bfffc0, 0x0000000083c00000| 99%| O|  |TAMS 0x0000000083b00000, 0x0000000083b00000| Untracked 
|  30|0x0000000083c00000, 0x0000000083cfffc8, 0x0000000083d00000| 99%| O|  |TAMS 0x0000000083c00000, 0x0000000083c00000| Untracked 
|  31|0x0000000083d00000, 0x0000000083dfffd8, 0x0000000083e00000| 99%| O|  |TAMS 0x0000000083d00000, 0x0000000083d00000| Untracked 
|  32|0x0000000083e00000, 0x0000000083efffc8, 0x0000000083f00000| 99%| O|  |TAMS 0x0000000083e00000, 0x0000000083e00000| Untracked 
|  33|0x0000000083f00000, 0x0000000083ffffd8, 0x0000000084000000| 99%| O|  |TAMS 0x0000000083f00000, 0x0000000083f00000| Untracked 
|  34|0x0000000084000000, 0x00000000840fffd0, 0x0000000084100000| 99%| O|  |TAMS 0x0000000084000000, 0x0000000084000000| Untracked 
|  35|0x0000000084100000, 0x00000000841fffd0, 0x0000000084200000| 99%| O|  |TAMS 0x0000000084100000, 0x0000000084100000| Untracked 
|  36|0x0000000084200000, 0x00000000842fffd8, 0x0000000084300000| 99%| O|  |TAMS 0x0000000084200000, 0x0000000084200000| Untracked 
|  37|0x0000000084300000, 0x00000000843fffd0, 0x0000000084400000| 99%| O|  |TAMS 0x0000000084300000, 0x0000000084300000| Untracked 
|  38|0x0000000084400000, 0x00000000844fffd8, 0x0000000084500000| 99%| O|  |TAMS 0x0000000084400000, 0x0000000084400000| Untracked 
|  39|0x0000000084500000, 0x00000000845fffd8, 0x0000000084600000| 99%| O|  |TAMS 0x0000000084500000, 0x0000000084500000| Untracked 
|  40|0x0000000084600000, 0x00000000846ffff0, 0x0000000084700000| 99%| O|  |TAMS 0x0000000084600000, 0x0000000084600000| Untracked 
|  41|0x0000000084700000, 0x00000000847fffd8, 0x0000000084800000| 99%| O|  |TAMS 0x0000000084700000, 0x0000000084700000| Untracked 
|  42|0x0000000084800000, 0x00000000848fffd8, 0x0000000084900000| 99%| O|  |TAMS 0x0000000084800000, 0x0000000084800000| Untracked 
|  43|0x0000000084900000, 0x00000000849fffd8, 0x0000000084a00000| 99%| O|  |TAMS 0x0000000084900000, 0x0000000084900000| Untracked 
|  44|0x0000000084a00000, 0x0000000084afffd8, 0x0000000084b00000| 99%| O|  |TAMS 0x0000000084a00000, 0x0000000084a00000| Untracked 
|  45|0x0000000084b00000, 0x0000000084bfffd8, 0x0000000084c00000| 99%| O|  |TAMS 0x0000000084b00000, 0x0000000084b00000| Untracked 
|  46|0x0000000084c00000, 0x0000000084cfffd8, 0x0000000084d00000| 99%| O|  |TAMS 0x0000000084c00000, 0x0000000084c00000| Untracked 
|  47|0x0000000084d00000, 0x0000000084dfffd8, 0x0000000084e00000| 99%| O|  |TAMS 0x0000000084d00000, 0x0000000084d00000| Untracked 
|  48|0x0000000084e00000, 0x0000000084efffd8, 0x0000000084f00000| 99%| O|  |TAMS 0x0000000084e00000, 0x0000000084e00000| Untracked 
|  49|0x0000000084f00000, 0x0000000084ffffd8, 0x0000000085000000| 99%| O|  |TAMS 0x0000000084f00000, 0x0000000084f00000| Untracked 
|  50|0x0000000085000000, 0x00000000850fffd8, 0x0000000085100000| 99%| O|  |TAMS 0x0000000085000000, 0x0000000085000000| Untracked 
|  51|0x0000000085100000, 0x00000000851fffd8, 0x0000000085200000| 99%| O|  |TAMS 0x0000000085100000, 0x0000000085100000| Untracked 
|  52|0x0000000085200000, 0x00000000852fffd8, 0x0000000085300000| 99%| O|  |TAMS 0x0000000085200000, 0x0000000085200000| Untracked 
|  53|0x0000000085300000, 0x00000000853fffd8, 0x0000000085400000| 99%| O|  |TAMS 0x0000000085300000, 0x0000000085300000| Untracked 
|  54|0x0000000085400000, 0x00000000854fffd8, 0x0000000085500000| 99%| O|  |TAMS 0x0000000085400000, 0x0000000085400000| Untracked 
|  55|0x0000000085500000, 0x00000000855fffd8, 0x0000000085600000| 99%| O|  |TAMS 0x0000000085500000, 0x0000000085500000| Untracked 
|  56|0x0000000085600000, 0x00000000856fffd8, 0x0000000085700000| 99%| O|  |TAMS 0x0000000085600000, 0x0000000085600000| Untracked 
|  57|0x0000000085700000, 0x00000000857fffd8, 0x0000000085800000| 99%| O|  |TAMS 0x0000000085700000, 0x0000000085700000| Untracked 
|  58|0x0000000085800000, 0x00000000858fffd8, 0x0000000085900000| 99%| O|  |TAMS 0x0000000085800000, 0x0000000085800000| Untracked 
|  59|0x0000000085900000, 0x00000000859fffd0, 0x0000000085a00000| 99%| O|  |TAMS 0x0000000085900000, 0x0000000085900000| Untracked 
|  60|0x0000000085a00000, 0x0000000085affff8, 0x0000000085b00000| 99%| O|  |TAMS 0x0000000085a00000, 0x0000000085a00000| Untracked 
|  61|0x0000000085b00000, 0x0000000085bfffc0, 0x0000000085c00000| 99%| O|  |TAMS 0x0000000085b00000, 0x0000000085b00000| Untracked 
|  62|0x0000000085c00000, 0x0000000085cfffd8, 0x0000000085d00000| 99%| O|  |TAMS 0x0000000085c00000, 0x0000000085c00000| Untracked 
|  63|0x0000000085d00000, 0x0000000085dfffd8, 0x0000000085e00000| 99%| O|  |TAMS 0x0000000085d00000, 0x0000000085d00000| Untracked 
|  64|0x0000000085e00000, 0x0000000085efffc8, 0x0000000085f00000| 99%| O|  |TAMS 0x0000000085e00000, 0x0000000085e00000| Untracked 
|  65|0x0000000085f00000, 0x0000000085ffffd0, 0x0000000086000000| 99%| O|  |TAMS 0x0000000085f00000, 0x0000000085f00000| Untracked 
|  66|0x0000000086000000, 0x00000000860fffd0, 0x0000000086100000| 99%| O|  |TAMS 0x0000000086000000, 0x0000000086000000| Untracked 
|  67|0x0000000086100000, 0x00000000861fffd8, 0x0000000086200000| 99%| O|  |TAMS 0x0000000086100000, 0x0000000086100000| Untracked 
|  68|0x0000000086200000, 0x00000000862fffd0, 0x0000000086300000| 99%| O|  |TAMS 0x0000000086200000, 0x0000000086200000| Untracked 
|  69|0x0000000086300000, 0x00000000863ffff0, 0x0000000086400000| 99%| O|  |TAMS 0x0000000086300000, 0x0000000086300000| Untracked 
|  70|0x0000000086400000, 0x00000000864fffe8, 0x0000000086500000| 99%| O|  |TAMS 0x0000000086400000, 0x0000000086400000| Untracked 
|  71|0x0000000086500000, 0x00000000865fffd8, 0x0000000086600000| 99%| O|  |TAMS 0x0000000086500000, 0x0000000086500000| Untracked 
|  72|0x0000000086600000, 0x00000000866fffd8, 0x0000000086700000| 99%| O|  |TAMS 0x0000000086600000, 0x0000000086600000| Untracked 
|  73|0x0000000086700000, 0x00000000867fffd8, 0x0000000086800000| 99%| O|  |TAMS 0x0000000086700000, 0x0000000086700000| Untracked 
|  74|0x0000000086800000, 0x00000000868fffd8, 0x0000000086900000| 99%| O|  |TAMS 0x0000000086800000, 0x0000000086800000| Untracked 
|  75|0x0000000086900000, 0x00000000869fffd8, 0x0000000086a00000| 99%| O|  |TAMS 0x0000000086900000, 0x0000000086900000| Untracked 
|  76|0x0000000086a00000, 0x0000000086afffd8, 0x0000000086b00000| 99%| O|  |TAMS 0x0000000086a00000, 0x0000000086a00000| Untracked 
|  77|0x0000000086b00000, 0x0000000086bfffd8, 0x0000000086c00000| 99%| O|  |TAMS 0x0000000086b00000, 0x0000000086b00000| Untracked 
|  78|0x0000000086c00000, 0x0000000086cfffd8, 0x0000000086d00000| 99%| O|  |TAMS 0x0000000086c00000, 0x0000000086c00000| Untracked 
|  79|0x0000000086d00000, 0x0000000086dfffd8, 0x0000000086e00000| 99%| O|  |TAMS 0x0000000086d00000, 0x0000000086d00000| Untracked 
|  80|0x0000000086e00000, 0x0000000086efffd8, 0x0000000086f00000| 99%| O|  |TAMS 0x0000000086e00000, 0x0000000086e00000| Untracked 
|  81|0x0000000086f00000, 0x0000000086ffffd8, 0x0000000087000000| 99%| O|  |TAMS 0x0000000086f00000, 0x0000000086f00000| Untracked 
|  82|0x0000000087000000, 0x00000000870fffd8, 0x0000000087100000| 99%| O|  |TAMS 0x0000000087000000, 0x0000000087000000| Untracked 
|  83|0x0000000087100000, 0x00000000871fffd8, 0x0000000087200000| 99%| O|  |TAMS 0x0000000087100000, 0x0000000087100000| Untracked 
|  84|0x0000000087200000, 0x00000000872fffd8, 0x0000000087300000| 99%| O|  |TAMS 0x0000000087200000, 0x0000000087200000| Untracked 
|  85|0x0000000087300000, 0x00000000873fffd8, 0x0000000087400000| 99%| O|  |TAMS 0x0000000087300000, 0x0000000087300000| Untracked 
|  86|0x0000000087400000, 0x00000000874fffd8, 0x0000000087500000| 99%| O|  |TAMS 0x0000000087400000, 0x0000000087400000| Untracked 
|  87|0x0000000087500000, 0x00000000875fffd8, 0x0000000087600000| 99%| O|  |TAMS 0x0000000087500000, 0x0000000087500000| Untracked 
|  88|0x0000000087600000, 0x00000000876fffd8, 0x0000000087700000| 99%| O|  |TAMS 0x0000000087600000, 0x0000000087600000| Untracked 
|  89|0x0000000087700000, 0x00000000877fffd8, 0x0000000087800000| 99%| O|  |TAMS 0x0000000087700000, 0x0000000087700000| Untracked 
|  90|0x0000000087800000, 0x00000000878fffd8, 0x0000000087900000| 99%| O|  |TAMS 0x0000000087800000, 0x0000000087800000| Untracked 
|  91|0x0000000087900000, 0x00000000879fffd8, 0x0000000087a00000| 99%| O|  |TAMS 0x0000000087900000, 0x0000000087900000| Untracked 
|  92|0x0000000087a00000, 0x0000000087afffd8, 0x0000000087b00000| 99%| O|  |TAMS 0x0000000087a00000, 0x0000000087a00000| Untracked 
|  93|0x0000000087b00000, 0x0000000087bfffd8, 0x0000000087c00000| 99%| O|  |TAMS 0x0000000087b00000, 0x0000000087b00000| Untracked 
|  94|0x0000000087c00000, 0x0000000087cfffd8, 0x0000000087d00000| 99%| O|  |TAMS 0x0000000087c00000, 0x0000000087c00000| Untracked 
|  95|0x0000000087d00000, 0x0000000087dfffd8, 0x0000000087e00000| 99%| O|  |TAMS 0x0000000087d00000, 0x0000000087d00000| Untracked 
|  96|0x0000000087e00000, 0x0000000087efffd8, 0x0000000087f00000| 99%| O|  |TAMS 0x0000000087e00000, 0x0000000087e00000| Untracked 
|  97|0x0000000087f00000, 0x0000000087ffffd8, 0x0000000088000000| 99%| O|  |TAMS 0x0000000087f00000, 0x0000000087f00000| Untracked 
|  98|0x0000000088000000, 0x00000000880ffff0, 0x0000000088100000| 99%| O|  |TAMS 0x0000000088000000, 0x0000000088000000| Untracked 
|  99|0x0000000088100000, 0x00000000881fffd8, 0x0000000088200000| 99%| O|  |TAMS 0x0000000088100000, 0x0000000088100000| Untracked 
| 100|0x0000000088200000, 0x00000000882ffff8, 0x0000000088300000| 99%| O|  |TAMS 0x0000000088200000, 0x0000000088200000| Untracked 
| 101|0x0000000088300000, 0x00000000883fff30, 0x0000000088400000| 99%| O|  |TAMS 0x0000000088300000, 0x0000000088300000| Untracked 
| 102|0x0000000088400000, 0x00000000884fffc8, 0x0000000088500000| 99%| O|  |TAMS 0x0000000088400000, 0x0000000088400000| Untracked 
| 103|0x0000000088500000, 0x00000000885ffff0, 0x0000000088600000| 99%| O|  |TAMS 0x0000000088500000, 0x0000000088500000| Untracked 
| 104|0x0000000088600000, 0x000000008868e7d8, 0x0000000088700000| 55%| O|  |TAMS 0x0000000088600000, 0x0000000088600000| Untracked 
| 105|0x0000000088700000, 0x0000000088700000, 0x0000000088800000|  0%| F|  |TAMS 0x0000000088700000, 0x0000000088700000| Untracked 
| 106|0x0000000088800000, 0x0000000088800000, 0x0000000088900000|  0%| F|  |TAMS 0x0000000088800000, 0x0000000088800000| Untracked 
| 107|0x0000000088900000, 0x0000000088900000, 0x0000000088a00000|  0%| F|  |TAMS 0x0000000088900000, 0x0000000088900000| Untracked 
| 108|0x0000000088a00000, 0x0000000088a00000, 0x0000000088b00000|  0%| F|  |TAMS 0x0000000088a00000, 0x0000000088a00000| Untracked 
| 109|0x0000000088b00000, 0x0000000088b00000, 0x0000000088c00000|  0%| F|  |TAMS 0x0000000088b00000, 0x0000000088b00000| Untracked 
| 110|0x0000000088c00000, 0x0000000088c00000, 0x0000000088d00000|  0%| F|  |TAMS 0x0000000088c00000, 0x0000000088c00000| Untracked 
| 111|0x0000000088d00000, 0x0000000088d00000, 0x0000000088e00000|  0%| F|  |TAMS 0x0000000088d00000, 0x0000000088d00000| Untracked 
| 112|0x0000000088e00000, 0x0000000088e00000, 0x0000000088f00000|  0%| F|  |TAMS 0x0000000088e00000, 0x0000000088e00000| Untracked 
| 113|0x0000000088f00000, 0x0000000088f00000, 0x0000000089000000|  0%| F|  |TAMS 0x0000000088f00000, 0x0000000088f00000| Untracked 
| 114|0x0000000089000000, 0x00000000890ffba0, 0x0000000089100000| 99%| O|  |TAMS 0x0000000089000000, 0x0000000089000000| Untracked 
| 115|0x0000000089100000, 0x0000000089100000, 0x0000000089200000|  0%| F|  |TAMS 0x0000000089100000, 0x0000000089100000| Untracked 
| 116|0x0000000089200000, 0x0000000089200000, 0x0000000089300000|  0%| F|  |TAMS 0x0000000089200000, 0x0000000089200000| Untracked 
| 117|0x0000000089300000, 0x00000000893fffd8, 0x0000000089400000| 99%| O|  |TAMS 0x0000000089300000, 0x0000000089300000| Untracked 
| 118|0x0000000089400000, 0x0000000089400000, 0x0000000089500000|  0%| F|  |TAMS 0x0000000089400000, 0x0000000089400000| Untracked 
| 119|0x0000000089500000, 0x00000000895fffd0, 0x0000000089600000| 99%| O|  |TAMS 0x0000000089500000, 0x0000000089500000| Untracked 
| 120|0x0000000089600000, 0x0000000089600000, 0x0000000089700000|  0%| F|  |TAMS 0x0000000089600000, 0x0000000089600000| Untracked 
| 121|0x0000000089700000, 0x0000000089742ee8, 0x0000000089800000| 26%| O|  |TAMS 0x0000000089700000, 0x0000000089700000| Untracked 
| 122|0x0000000089800000, 0x0000000089800000, 0x0000000089900000|  0%| F|  |TAMS 0x0000000089800000, 0x0000000089800000| Untracked 
| 123|0x0000000089900000, 0x0000000089900000, 0x0000000089a00000|  0%| F|  |TAMS 0x0000000089900000, 0x0000000089900000| Untracked 
| 124|0x0000000089a00000, 0x0000000089a00000, 0x0000000089b00000|  0%| F|  |TAMS 0x0000000089a00000, 0x0000000089a00000| Untracked 
| 125|0x0000000089b00000, 0x0000000089b00000, 0x0000000089c00000|  0%| F|  |TAMS 0x0000000089b00000, 0x0000000089b00000| Untracked 
| 126|0x0000000089c00000, 0x0000000089c00000, 0x0000000089d00000|  0%| F|  |TAMS 0x0000000089c00000, 0x0000000089c00000| Untracked 
| 127|0x0000000089d00000, 0x0000000089d00000, 0x0000000089e00000|  0%| F|  |TAMS 0x0000000089d00000, 0x0000000089d00000| Untracked 
| 128|0x0000000089e00000, 0x0000000089e00000, 0x0000000089f00000|  0%| F|  |TAMS 0x0000000089e00000, 0x0000000089e00000| Untracked 
| 129|0x0000000089f00000, 0x0000000089f00000, 0x000000008a000000|  0%| F|  |TAMS 0x0000000089f00000, 0x0000000089f00000| Untracked 
| 130|0x000000008a000000, 0x000000008a000000, 0x000000008a100000|  0%| F|  |TAMS 0x000000008a000000, 0x000000008a000000| Untracked 
| 131|0x000000008a100000, 0x000000008a100000, 0x000000008a200000|  0%| F|  |TAMS 0x000000008a100000, 0x000000008a100000| Untracked 
| 132|0x000000008a200000, 0x000000008a200000, 0x000000008a300000|  0%| F|  |TAMS 0x000000008a200000, 0x000000008a200000| Untracked 
| 133|0x000000008a300000, 0x000000008a300000, 0x000000008a400000|  0%| F|  |TAMS 0x000000008a300000, 0x000000008a300000| Untracked 
| 134|0x000000008a400000, 0x000000008a400000, 0x000000008a500000|  0%| F|  |TAMS 0x000000008a400000, 0x000000008a400000| Untracked 
| 135|0x000000008a500000, 0x000000008a500000, 0x000000008a600000|  0%| F|  |TAMS 0x000000008a500000, 0x000000008a500000| Untracked 
| 136|0x000000008a600000, 0x000000008a600000, 0x000000008a700000|  0%| F|  |TAMS 0x000000008a600000, 0x000000008a600000| Untracked 
| 137|0x000000008a700000, 0x000000008a700000, 0x000000008a800000|  0%| F|  |TAMS 0x000000008a700000, 0x000000008a700000| Untracked 
| 138|0x000000008a800000, 0x000000008a800000, 0x000000008a900000|  0%| F|  |TAMS 0x000000008a800000, 0x000000008a800000| Untracked 
| 139|0x000000008a900000, 0x000000008a900000, 0x000000008aa00000|  0%| F|  |TAMS 0x000000008a900000, 0x000000008a900000| Untracked 
| 140|0x000000008aa00000, 0x000000008aa00000, 0x000000008ab00000|  0%| F|  |TAMS 0x000000008aa00000, 0x000000008aa00000| Untracked 
| 141|0x000000008ab00000, 0x000000008ab00000, 0x000000008ac00000|  0%| F|  |TAMS 0x000000008ab00000, 0x000000008ab00000| Untracked 
| 142|0x000000008ac00000, 0x000000008ac00000, 0x000000008ad00000|  0%| F|  |TAMS 0x000000008ac00000, 0x000000008ac00000| Untracked 
| 143|0x000000008ad00000, 0x000000008ad00000, 0x000000008ae00000|  0%| F|  |TAMS 0x000000008ad00000, 0x000000008ad00000| Untracked 
| 144|0x000000008ae00000, 0x000000008ae00000, 0x000000008af00000|  0%| F|  |TAMS 0x000000008ae00000, 0x000000008ae00000| Untracked 
| 145|0x000000008af00000, 0x000000008af00000, 0x000000008b000000|  0%| F|  |TAMS 0x000000008af00000, 0x000000008af00000| Untracked 
| 146|0x000000008b000000, 0x000000008b000000, 0x000000008b100000|  0%| F|  |TAMS 0x000000008b000000, 0x000000008b000000| Untracked 
| 147|0x000000008b100000, 0x000000008b100000, 0x000000008b200000|  0%| F|  |TAMS 0x000000008b100000, 0x000000008b100000| Untracked 
| 148|0x000000008b200000, 0x000000008b200000, 0x000000008b300000|  0%| F|  |TAMS 0x000000008b200000, 0x000000008b200000| Untracked 
| 149|0x000000008b300000, 0x000000008b300000, 0x000000008b400000|  0%| F|  |TAMS 0x000000008b300000, 0x000000008b300000| Untracked 
| 150|0x000000008b400000, 0x000000008b400000, 0x000000008b500000|  0%| F|  |TAMS 0x000000008b400000, 0x000000008b400000| Untracked 
| 151|0x000000008b500000, 0x000000008b500000, 0x000000008b600000|  0%| F|  |TAMS 0x000000008b500000, 0x000000008b500000| Untracked 
| 152|0x000000008b600000, 0x000000008b600000, 0x000000008b700000|  0%| F|  |TAMS 0x000000008b600000, 0x000000008b600000| Untracked 
| 153|0x000000008b700000, 0x000000008b700000, 0x000000008b800000|  0%| F|  |TAMS 0x000000008b700000, 0x000000008b700000| Untracked 
| 154|0x000000008b800000, 0x000000008b800000, 0x000000008b900000|  0%| F|  |TAMS 0x000000008b800000, 0x000000008b800000| Untracked 
| 155|0x000000008b900000, 0x000000008b900000, 0x000000008ba00000|  0%| F|  |TAMS 0x000000008b900000, 0x000000008b900000| Untracked 
| 156|0x000000008ba00000, 0x000000008ba00000, 0x000000008bb00000|  0%| F|  |TAMS 0x000000008ba00000, 0x000000008ba00000| Untracked 
| 157|0x000000008bb00000, 0x000000008bb00000, 0x000000008bc00000|  0%| F|  |TAMS 0x000000008bb00000, 0x000000008bb00000| Untracked 
| 158|0x000000008bc00000, 0x000000008bc00000, 0x000000008bd00000|  0%| F|  |TAMS 0x000000008bc00000, 0x000000008bc00000| Untracked 
| 159|0x000000008bd00000, 0x000000008bd00000, 0x000000008be00000|  0%| F|  |TAMS 0x000000008bd00000, 0x000000008bd00000| Untracked 
| 160|0x000000008be00000, 0x000000008be00000, 0x000000008bf00000|  0%| F|  |TAMS 0x000000008be00000, 0x000000008be00000| Untracked 
| 161|0x000000008bf00000, 0x000000008bf00000, 0x000000008c000000|  0%| F|  |TAMS 0x000000008bf00000, 0x000000008bf00000| Untracked 
| 162|0x000000008c000000, 0x000000008c000000, 0x000000008c100000|  0%| F|  |TAMS 0x000000008c000000, 0x000000008c000000| Untracked 
| 163|0x000000008c100000, 0x000000008c100000, 0x000000008c200000|  0%| F|  |TAMS 0x000000008c100000, 0x000000008c100000| Untracked 
| 164|0x000000008c200000, 0x000000008c200000, 0x000000008c300000|  0%| F|  |TAMS 0x000000008c200000, 0x000000008c200000| Untracked 
| 165|0x000000008c300000, 0x000000008c300000, 0x000000008c400000|  0%| F|  |TAMS 0x000000008c300000, 0x000000008c300000| Untracked 
| 166|0x000000008c400000, 0x000000008c400000, 0x000000008c500000|  0%| F|  |TAMS 0x000000008c400000, 0x000000008c400000| Untracked 
| 167|0x000000008c500000, 0x000000008c500000, 0x000000008c600000|  0%| F|  |TAMS 0x000000008c500000, 0x000000008c500000| Untracked 
| 168|0x000000008c600000, 0x000000008c600000, 0x000000008c700000|  0%| F|  |TAMS 0x000000008c600000, 0x000000008c600000| Untracked 
| 169|0x000000008c700000, 0x000000008c700000, 0x000000008c800000|  0%| F|  |TAMS 0x000000008c700000, 0x000000008c700000| Untracked 
| 170|0x000000008c800000, 0x000000008c800000, 0x000000008c900000|  0%| F|  |TAMS 0x000000008c800000, 0x000000008c800000| Untracked 
| 171|0x000000008c900000, 0x000000008ca00000, 0x000000008ca00000|100%| S|CS|TAMS 0x000000008c900000, 0x000000008c900000| Complete 
| 172|0x000000008ca00000, 0x000000008cb00000, 0x000000008cb00000|100%| S|CS|TAMS 0x000000008ca00000, 0x000000008ca00000| Complete 
| 173|0x000000008cb00000, 0x000000008cc00000, 0x000000008cc00000|100%| S|CS|TAMS 0x000000008cb00000, 0x000000008cb00000| Complete 
| 174|0x000000008cc00000, 0x000000008cc00000, 0x000000008cd00000|  0%| F|  |TAMS 0x000000008cc00000, 0x000000008cc00000| Untracked 
| 175|0x000000008cd00000, 0x000000008cd00000, 0x000000008ce00000|  0%| F|  |TAMS 0x000000008cd00000, 0x000000008cd00000| Untracked 
| 176|0x000000008ce00000, 0x000000008cefffe0, 0x000000008cf00000| 99%| O|  |TAMS 0x000000008ce00000, 0x000000008ce00000| Untracked 
| 177|0x000000008cf00000, 0x000000008cf00000, 0x000000008d000000|  0%| F|  |TAMS 0x000000008cf00000, 0x000000008cf00000| Untracked 
| 178|0x000000008d000000, 0x000000008d000000, 0x000000008d100000|  0%| F|  |TAMS 0x000000008d000000, 0x000000008d000000| Untracked 
| 179|0x000000008d100000, 0x000000008d100000, 0x000000008d200000|  0%| F|  |TAMS 0x000000008d100000, 0x000000008d100000| Untracked 
| 180|0x000000008d200000, 0x000000008d200000, 0x000000008d300000|  0%| F|  |TAMS 0x000000008d200000, 0x000000008d200000| Untracked 
| 181|0x000000008d300000, 0x000000008d3f6218, 0x000000008d400000| 96%| O|  |TAMS 0x000000008d300000, 0x000000008d300000| Untracked 
| 182|0x000000008d400000, 0x000000008d400000, 0x000000008d500000|  0%| F|  |TAMS 0x000000008d400000, 0x000000008d400000| Untracked 
| 183|0x000000008d500000, 0x000000008d500000, 0x000000008d600000|  0%| F|  |TAMS 0x000000008d500000, 0x000000008d500000| Untracked 
| 184|0x000000008d600000, 0x000000008d600000, 0x000000008d700000|  0%| F|  |TAMS 0x000000008d600000, 0x000000008d600000| Untracked 
| 185|0x000000008d700000, 0x000000008d700000, 0x000000008d800000|  0%| F|  |TAMS 0x000000008d700000, 0x000000008d700000| Untracked 
| 186|0x000000008d800000, 0x000000008d800000, 0x000000008d900000|  0%| F|  |TAMS 0x000000008d800000, 0x000000008d800000| Untracked 
| 187|0x000000008d900000, 0x000000008d900000, 0x000000008da00000|  0%| F|  |TAMS 0x000000008d900000, 0x000000008d900000| Untracked 
| 188|0x000000008da00000, 0x000000008da00000, 0x000000008db00000|  0%| F|  |TAMS 0x000000008da00000, 0x000000008da00000| Untracked 
| 189|0x000000008db00000, 0x000000008db00000, 0x000000008dc00000|  0%| F|  |TAMS 0x000000008db00000, 0x000000008db00000| Untracked 
| 190|0x000000008dc00000, 0x000000008dc00000, 0x000000008dd00000|  0%| F|  |TAMS 0x000000008dc00000, 0x000000008dc00000| Untracked 
| 191|0x000000008dd00000, 0x000000008dd00000, 0x000000008de00000|  0%| F|  |TAMS 0x000000008dd00000, 0x000000008dd00000| Untracked 
| 192|0x000000008de00000, 0x000000008defffd0, 0x000000008df00000| 99%| O|  |TAMS 0x000000008de00000, 0x000000008de00000| Untracked 
| 193|0x000000008df00000, 0x000000008dfb1248, 0x000000008e000000| 69%| O|  |TAMS 0x000000008df00000, 0x000000008df00000| Untracked 
| 194|0x000000008e000000, 0x000000008e000000, 0x000000008e100000|  0%| F|  |TAMS 0x000000008e000000, 0x000000008e000000| Untracked 
| 195|0x000000008e100000, 0x000000008e100000, 0x000000008e200000|  0%| F|  |TAMS 0x000000008e100000, 0x000000008e100000| Untracked 
| 196|0x000000008e200000, 0x000000008e200000, 0x000000008e300000|  0%| F|  |TAMS 0x000000008e200000, 0x000000008e200000| Untracked 
| 197|0x000000008e300000, 0x000000008e300000, 0x000000008e400000|  0%| F|  |TAMS 0x000000008e300000, 0x000000008e300000| Untracked 
| 198|0x000000008e400000, 0x000000008e400000, 0x000000008e500000|  0%| F|  |TAMS 0x000000008e400000, 0x000000008e400000| Untracked 
| 199|0x000000008e500000, 0x000000008e500000, 0x000000008e600000|  0%| F|  |TAMS 0x000000008e500000, 0x000000008e500000| Untracked 
| 200|0x000000008e600000, 0x000000008e600000, 0x000000008e700000|  0%| F|  |TAMS 0x000000008e600000, 0x000000008e600000| Untracked 
| 201|0x000000008e700000, 0x000000008e700000, 0x000000008e800000|  0%| F|  |TAMS 0x000000008e700000, 0x000000008e700000| Untracked 
| 202|0x000000008e800000, 0x000000008e800000, 0x000000008e900000|  0%| F|  |TAMS 0x000000008e800000, 0x000000008e800000| Untracked 
| 203|0x000000008e900000, 0x000000008e900000, 0x000000008ea00000|  0%| F|  |TAMS 0x000000008e900000, 0x000000008e900000| Untracked 
| 204|0x000000008ea00000, 0x000000008ea00000, 0x000000008eb00000|  0%| F|  |TAMS 0x000000008ea00000, 0x000000008ea00000| Untracked 
| 205|0x000000008eb00000, 0x000000008eb00000, 0x000000008ec00000|  0%| F|  |TAMS 0x000000008eb00000, 0x000000008eb00000| Untracked 
| 206|0x000000008ec00000, 0x000000008ec00000, 0x000000008ed00000|  0%| F|  |TAMS 0x000000008ec00000, 0x000000008ec00000| Untracked 
| 207|0x000000008ed00000, 0x000000008ed00000, 0x000000008ee00000|  0%| F|  |TAMS 0x000000008ed00000, 0x000000008ed00000| Untracked 
| 208|0x000000008ee00000, 0x000000008ee00000, 0x000000008ef00000|  0%| F|  |TAMS 0x000000008ee00000, 0x000000008ee00000| Untracked 
| 209|0x000000008ef00000, 0x000000008ef00000, 0x000000008f000000|  0%| F|  |TAMS 0x000000008ef00000, 0x000000008ef00000| Untracked 
| 210|0x000000008f000000, 0x000000008f000000, 0x000000008f100000|  0%| F|  |TAMS 0x000000008f000000, 0x000000008f000000| Untracked 
| 211|0x000000008f100000, 0x000000008f100000, 0x000000008f200000|  0%| F|  |TAMS 0x000000008f100000, 0x000000008f100000| Untracked 
| 212|0x000000008f200000, 0x000000008f200000, 0x000000008f300000|  0%| F|  |TAMS 0x000000008f200000, 0x000000008f200000| Untracked 
| 213|0x000000008f300000, 0x000000008f300000, 0x000000008f400000|  0%| F|  |TAMS 0x000000008f300000, 0x000000008f300000| Untracked 
| 214|0x000000008f400000, 0x000000008f400000, 0x000000008f500000|  0%| F|  |TAMS 0x000000008f400000, 0x000000008f400000| Untracked 
| 215|0x000000008f500000, 0x000000008f500000, 0x000000008f600000|  0%| F|  |TAMS 0x000000008f500000, 0x000000008f500000| Untracked 
| 216|0x000000008f600000, 0x000000008f600000, 0x000000008f700000|  0%| F|  |TAMS 0x000000008f600000, 0x000000008f600000| Untracked 
| 217|0x000000008f700000, 0x000000008f700000, 0x000000008f800000|  0%| F|  |TAMS 0x000000008f700000, 0x000000008f700000| Untracked 
| 218|0x000000008f800000, 0x000000008f800000, 0x000000008f900000|  0%| F|  |TAMS 0x000000008f800000, 0x000000008f800000| Untracked 
| 219|0x000000008f900000, 0x000000008f900000, 0x000000008fa00000|  0%| F|  |TAMS 0x000000008f900000, 0x000000008f900000| Untracked 
| 220|0x000000008fa00000, 0x000000008fa00000, 0x000000008fb00000|  0%| F|  |TAMS 0x000000008fa00000, 0x000000008fa00000| Untracked 
| 221|0x000000008fb00000, 0x000000008fb00000, 0x000000008fc00000|  0%| F|  |TAMS 0x000000008fb00000, 0x000000008fb00000| Untracked 
| 222|0x000000008fc00000, 0x000000008fc00000, 0x000000008fd00000|  0%| F|  |TAMS 0x000000008fc00000, 0x000000008fc00000| Untracked 
| 223|0x000000008fd00000, 0x000000008fd00000, 0x000000008fe00000|  0%| F|  |TAMS 0x000000008fd00000, 0x000000008fd00000| Untracked 
| 224|0x000000008fe00000, 0x000000008fe00000, 0x000000008ff00000|  0%| F|  |TAMS 0x000000008fe00000, 0x000000008fe00000| Untracked 
| 225|0x000000008ff00000, 0x000000008ff00000, 0x0000000090000000|  0%| F|  |TAMS 0x000000008ff00000, 0x000000008ff00000| Untracked 
| 226|0x0000000090000000, 0x0000000090000000, 0x0000000090100000|  0%| F|  |TAMS 0x0000000090000000, 0x0000000090000000| Untracked 
| 227|0x0000000090100000, 0x0000000090100000, 0x0000000090200000|  0%| F|  |TAMS 0x0000000090100000, 0x0000000090100000| Untracked 
| 228|0x0000000090200000, 0x0000000090200000, 0x0000000090300000|  0%| F|  |TAMS 0x0000000090200000, 0x0000000090200000| Untracked 
| 229|0x0000000090300000, 0x0000000090300000, 0x0000000090400000|  0%| F|  |TAMS 0x0000000090300000, 0x0000000090300000| Untracked 
| 230|0x0000000090400000, 0x0000000090400000, 0x0000000090500000|  0%| F|  |TAMS 0x0000000090400000, 0x0000000090400000| Untracked 
| 231|0x0000000090500000, 0x0000000090500000, 0x0000000090600000|  0%| F|  |TAMS 0x0000000090500000, 0x0000000090500000| Untracked 
| 232|0x0000000090600000, 0x0000000090600000, 0x0000000090700000|  0%| F|  |TAMS 0x0000000090600000, 0x0000000090600000| Untracked 
| 233|0x0000000090700000, 0x0000000090700000, 0x0000000090800000|  0%| F|  |TAMS 0x0000000090700000, 0x0000000090700000| Untracked 
| 234|0x0000000090800000, 0x0000000090800000, 0x0000000090900000|  0%| F|  |TAMS 0x0000000090800000, 0x0000000090800000| Untracked 
| 235|0x0000000090900000, 0x0000000090900000, 0x0000000090a00000|  0%| F|  |TAMS 0x0000000090900000, 0x0000000090900000| Untracked 
| 236|0x0000000090a00000, 0x0000000090a00000, 0x0000000090b00000|  0%| F|  |TAMS 0x0000000090a00000, 0x0000000090a00000| Untracked 
| 237|0x0000000090b00000, 0x0000000090b00000, 0x0000000090c00000|  0%| F|  |TAMS 0x0000000090b00000, 0x0000000090b00000| Untracked 
| 238|0x0000000090c00000, 0x0000000090c00000, 0x0000000090d00000|  0%| F|  |TAMS 0x0000000090c00000, 0x0000000090c00000| Untracked 
| 239|0x0000000090d00000, 0x0000000090d00000, 0x0000000090e00000|  0%| F|  |TAMS 0x0000000090d00000, 0x0000000090d00000| Untracked 
| 240|0x0000000090e00000, 0x0000000090e00000, 0x0000000090f00000|  0%| F|  |TAMS 0x0000000090e00000, 0x0000000090e00000| Untracked 
| 241|0x0000000090f00000, 0x0000000090f00000, 0x0000000091000000|  0%| F|  |TAMS 0x0000000090f00000, 0x0000000090f00000| Untracked 
| 242|0x0000000091000000, 0x0000000091000000, 0x0000000091100000|  0%| F|  |TAMS 0x0000000091000000, 0x0000000091000000| Untracked 
| 243|0x0000000091100000, 0x0000000091100000, 0x0000000091200000|  0%| F|  |TAMS 0x0000000091100000, 0x0000000091100000| Untracked 
| 244|0x0000000091200000, 0x0000000091200000, 0x0000000091300000|  0%| F|  |TAMS 0x0000000091200000, 0x0000000091200000| Untracked 
| 245|0x0000000091300000, 0x0000000091300000, 0x0000000091400000|  0%| F|  |TAMS 0x0000000091300000, 0x0000000091300000| Untracked 
| 246|0x0000000091400000, 0x0000000091400000, 0x0000000091500000|  0%| F|  |TAMS 0x0000000091400000, 0x0000000091400000| Untracked 
| 247|0x0000000091500000, 0x0000000091500000, 0x0000000091600000|  0%| F|  |TAMS 0x0000000091500000, 0x0000000091500000| Untracked 
| 248|0x0000000091600000, 0x0000000091600000, 0x0000000091700000|  0%| F|  |TAMS 0x0000000091600000, 0x0000000091600000| Untracked 
| 249|0x0000000091700000, 0x0000000091700000, 0x0000000091800000|  0%| F|  |TAMS 0x0000000091700000, 0x0000000091700000| Untracked 
| 250|0x0000000091800000, 0x0000000091800000, 0x0000000091900000|  0%| F|  |TAMS 0x0000000091800000, 0x0000000091800000| Untracked 
| 251|0x0000000091900000, 0x0000000091900000, 0x0000000091a00000|  0%| F|  |TAMS 0x0000000091900000, 0x0000000091900000| Untracked 
| 252|0x0000000091a00000, 0x0000000091a00000, 0x0000000091b00000|  0%| F|  |TAMS 0x0000000091a00000, 0x0000000091a00000| Untracked 
| 253|0x0000000091b00000, 0x0000000091b00000, 0x0000000091c00000|  0%| F|  |TAMS 0x0000000091b00000, 0x0000000091b00000| Untracked 
| 254|0x0000000091c00000, 0x0000000091c00000, 0x0000000091d00000|  0%| F|  |TAMS 0x0000000091c00000, 0x0000000091c00000| Untracked 
| 255|0x0000000091d00000, 0x0000000091d00000, 0x0000000091e00000|  0%| F|  |TAMS 0x0000000091d00000, 0x0000000091d00000| Untracked 
| 256|0x0000000091e00000, 0x0000000091f00000, 0x0000000091f00000|100%| E|  |TAMS 0x0000000091e00000, 0x0000000091e00000| Complete 
| 257|0x0000000091f00000, 0x0000000092000000, 0x0000000092000000|100%| E|CS|TAMS 0x0000000091f00000, 0x0000000091f00000| Complete 
| 258|0x0000000092000000, 0x0000000092100000, 0x0000000092100000|100%| E|CS|TAMS 0x0000000092000000, 0x0000000092000000| Complete 
| 259|0x0000000092100000, 0x0000000092200000, 0x0000000092200000|100%| E|CS|TAMS 0x0000000092100000, 0x0000000092100000| Complete 
| 260|0x0000000092200000, 0x0000000092300000, 0x0000000092300000|100%| E|CS|TAMS 0x0000000092200000, 0x0000000092200000| Complete 
| 261|0x0000000092300000, 0x0000000092400000, 0x0000000092400000|100%| E|CS|TAMS 0x0000000092300000, 0x0000000092300000| Complete 
| 262|0x0000000092400000, 0x0000000092500000, 0x0000000092500000|100%| E|CS|TAMS 0x0000000092400000, 0x0000000092400000| Complete 
| 263|0x0000000092500000, 0x0000000092600000, 0x0000000092600000|100%| E|CS|TAMS 0x0000000092500000, 0x0000000092500000| Complete 
| 264|0x0000000092600000, 0x0000000092700000, 0x0000000092700000|100%| E|CS|TAMS 0x0000000092600000, 0x0000000092600000| Complete 
| 265|0x0000000092700000, 0x0000000092800000, 0x0000000092800000|100%| E|CS|TAMS 0x0000000092700000, 0x0000000092700000| Complete 
| 266|0x0000000092800000, 0x0000000092900000, 0x0000000092900000|100%| E|CS|TAMS 0x0000000092800000, 0x0000000092800000| Complete 
| 267|0x0000000092900000, 0x0000000092a00000, 0x0000000092a00000|100%| E|CS|TAMS 0x0000000092900000, 0x0000000092900000| Complete 
| 268|0x0000000092a00000, 0x0000000092b00000, 0x0000000092b00000|100%| E|CS|TAMS 0x0000000092a00000, 0x0000000092a00000| Complete 
| 269|0x0000000092b00000, 0x0000000092c00000, 0x0000000092c00000|100%| E|CS|TAMS 0x0000000092b00000, 0x0000000092b00000| Complete 
| 270|0x0000000092c00000, 0x0000000092d00000, 0x0000000092d00000|100%| E|CS|TAMS 0x0000000092c00000, 0x0000000092c00000| Complete 
| 271|0x0000000092d00000, 0x0000000092e00000, 0x0000000092e00000|100%| E|CS|TAMS 0x0000000092d00000, 0x0000000092d00000| Complete 
| 272|0x0000000092e00000, 0x0000000092f00000, 0x0000000092f00000|100%| E|CS|TAMS 0x0000000092e00000, 0x0000000092e00000| Complete 
| 273|0x0000000092f00000, 0x0000000093000000, 0x0000000093000000|100%| E|CS|TAMS 0x0000000092f00000, 0x0000000092f00000| Complete 
| 274|0x0000000093000000, 0x0000000093100000, 0x0000000093100000|100%| E|CS|TAMS 0x0000000093000000, 0x0000000093000000| Complete 
| 275|0x0000000093100000, 0x0000000093200000, 0x0000000093200000|100%| E|CS|TAMS 0x0000000093100000, 0x0000000093100000| Complete 
| 276|0x0000000093200000, 0x0000000093300000, 0x0000000093300000|100%| E|CS|TAMS 0x0000000093200000, 0x0000000093200000| Complete 
| 277|0x0000000093300000, 0x0000000093400000, 0x0000000093400000|100%| E|CS|TAMS 0x0000000093300000, 0x0000000093300000| Complete 
| 278|0x0000000093400000, 0x0000000093500000, 0x0000000093500000|100%| E|CS|TAMS 0x0000000093400000, 0x0000000093400000| Complete 
| 279|0x0000000093500000, 0x0000000093600000, 0x0000000093600000|100%| E|CS|TAMS 0x0000000093500000, 0x0000000093500000| Complete 
| 280|0x0000000093600000, 0x0000000093700000, 0x0000000093700000|100%| E|CS|TAMS 0x0000000093600000, 0x0000000093600000| Complete 
| 281|0x0000000093700000, 0x0000000093800000, 0x0000000093800000|100%| E|CS|TAMS 0x0000000093700000, 0x0000000093700000| Complete 
| 282|0x0000000093800000, 0x0000000093900000, 0x0000000093900000|100%| E|CS|TAMS 0x0000000093800000, 0x0000000093800000| Complete 
| 283|0x0000000093900000, 0x0000000093a00000, 0x0000000093a00000|100%| E|CS|TAMS 0x0000000093900000, 0x0000000093900000| Complete 
| 284|0x0000000093a00000, 0x0000000093b00000, 0x0000000093b00000|100%| E|CS|TAMS 0x0000000093a00000, 0x0000000093a00000| Complete 
| 285|0x0000000093b00000, 0x0000000093c00000, 0x0000000093c00000|100%| E|CS|TAMS 0x0000000093b00000, 0x0000000093b00000| Complete 
| 286|0x0000000093c00000, 0x0000000093d00000, 0x0000000093d00000|100%| E|CS|TAMS 0x0000000093c00000, 0x0000000093c00000| Complete 
| 287|0x0000000093d00000, 0x0000000093e00000, 0x0000000093e00000|100%| E|CS|TAMS 0x0000000093d00000, 0x0000000093d00000| Complete 
| 288|0x0000000093e00000, 0x0000000093f00000, 0x0000000093f00000|100%| E|CS|TAMS 0x0000000093e00000, 0x0000000093e00000| Complete 
| 289|0x0000000093f00000, 0x0000000094000000, 0x0000000094000000|100%| E|CS|TAMS 0x0000000093f00000, 0x0000000093f00000| Complete 
| 290|0x0000000094000000, 0x0000000094100000, 0x0000000094100000|100%| E|CS|TAMS 0x0000000094000000, 0x0000000094000000| Complete 
| 291|0x0000000094100000, 0x0000000094200000, 0x0000000094200000|100%| E|CS|TAMS 0x0000000094100000, 0x0000000094100000| Complete 
| 292|0x0000000094200000, 0x0000000094300000, 0x0000000094300000|100%| E|CS|TAMS 0x0000000094200000, 0x0000000094200000| Complete 
| 293|0x0000000094300000, 0x0000000094400000, 0x0000000094400000|100%| E|CS|TAMS 0x0000000094300000, 0x0000000094300000| Complete 
| 294|0x0000000094400000, 0x0000000094500000, 0x0000000094500000|100%| E|CS|TAMS 0x0000000094400000, 0x0000000094400000| Complete 
| 295|0x0000000094500000, 0x0000000094600000, 0x0000000094600000|100%| E|CS|TAMS 0x0000000094500000, 0x0000000094500000| Complete 
| 296|0x0000000094600000, 0x0000000094700000, 0x0000000094700000|100%| E|CS|TAMS 0x0000000094600000, 0x0000000094600000| Complete 
| 297|0x0000000094700000, 0x0000000094800000, 0x0000000094800000|100%| E|CS|TAMS 0x0000000094700000, 0x0000000094700000| Complete 
| 298|0x0000000094800000, 0x0000000094900000, 0x0000000094900000|100%| E|CS|TAMS 0x0000000094800000, 0x0000000094800000| Complete 
| 299|0x0000000094900000, 0x0000000094a00000, 0x0000000094a00000|100%| E|CS|TAMS 0x0000000094900000, 0x0000000094900000| Complete 
| 300|0x0000000094a00000, 0x0000000094b00000, 0x0000000094b00000|100%| E|CS|TAMS 0x0000000094a00000, 0x0000000094a00000| Complete 
| 301|0x0000000094b00000, 0x0000000094c00000, 0x0000000094c00000|100%| E|CS|TAMS 0x0000000094b00000, 0x0000000094b00000| Complete 
| 302|0x0000000094c00000, 0x0000000094d00000, 0x0000000094d00000|100%| E|CS|TAMS 0x0000000094c00000, 0x0000000094c00000| Complete 
| 303|0x0000000094d00000, 0x0000000094e00000, 0x0000000094e00000|100%| E|CS|TAMS 0x0000000094d00000, 0x0000000094d00000| Complete 
| 304|0x0000000094e00000, 0x0000000094f00000, 0x0000000094f00000|100%| E|CS|TAMS 0x0000000094e00000, 0x0000000094e00000| Complete 
| 305|0x0000000094f00000, 0x0000000095000000, 0x0000000095000000|100%| E|CS|TAMS 0x0000000094f00000, 0x0000000094f00000| Complete 
| 306|0x0000000095000000, 0x0000000095100000, 0x0000000095100000|100%| E|CS|TAMS 0x0000000095000000, 0x0000000095000000| Complete 
| 307|0x0000000095100000, 0x0000000095200000, 0x0000000095200000|100%| E|CS|TAMS 0x0000000095100000, 0x0000000095100000| Complete 
| 308|0x0000000095200000, 0x0000000095300000, 0x0000000095300000|100%| E|CS|TAMS 0x0000000095200000, 0x0000000095200000| Complete 
| 309|0x0000000095300000, 0x0000000095400000, 0x0000000095400000|100%| E|CS|TAMS 0x0000000095300000, 0x0000000095300000| Complete 
| 310|0x0000000095400000, 0x0000000095500000, 0x0000000095500000|100%| E|CS|TAMS 0x0000000095400000, 0x0000000095400000| Complete 
| 311|0x0000000095500000, 0x0000000095600000, 0x0000000095600000|100%| E|CS|TAMS 0x0000000095500000, 0x0000000095500000| Complete 
| 312|0x0000000095600000, 0x0000000095700000, 0x0000000095700000|100%| E|CS|TAMS 0x0000000095600000, 0x0000000095600000| Complete 
| 313|0x0000000095700000, 0x0000000095800000, 0x0000000095800000|100%| E|CS|TAMS 0x0000000095700000, 0x0000000095700000| Complete 
| 314|0x0000000095800000, 0x0000000095900000, 0x0000000095900000|100%| E|CS|TAMS 0x0000000095800000, 0x0000000095800000| Complete 
| 315|0x0000000095900000, 0x0000000095a00000, 0x0000000095a00000|100%| E|CS|TAMS 0x0000000095900000, 0x0000000095900000| Complete 
| 316|0x0000000095a00000, 0x0000000095b00000, 0x0000000095b00000|100%| E|CS|TAMS 0x0000000095a00000, 0x0000000095a00000| Complete 
| 317|0x0000000095b00000, 0x0000000095c00000, 0x0000000095c00000|100%| E|CS|TAMS 0x0000000095b00000, 0x0000000095b00000| Complete 
| 318|0x0000000095c00000, 0x0000000095d00000, 0x0000000095d00000|100%| E|CS|TAMS 0x0000000095c00000, 0x0000000095c00000| Complete 
| 319|0x0000000095d00000, 0x0000000095e00000, 0x0000000095e00000|100%| E|CS|TAMS 0x0000000095d00000, 0x0000000095d00000| Complete 
| 320|0x0000000095e00000, 0x0000000095f00000, 0x0000000095f00000|100%| E|CS|TAMS 0x0000000095e00000, 0x0000000095e00000| Complete 
| 321|0x0000000095f00000, 0x0000000096000000, 0x0000000096000000|100%| E|CS|TAMS 0x0000000095f00000, 0x0000000095f00000| Complete 
| 322|0x0000000096000000, 0x0000000096100000, 0x0000000096100000|100%| E|CS|TAMS 0x0000000096000000, 0x0000000096000000| Complete 
| 323|0x0000000096100000, 0x0000000096200000, 0x0000000096200000|100%| E|CS|TAMS 0x0000000096100000, 0x0000000096100000| Complete 
| 324|0x0000000096200000, 0x0000000096300000, 0x0000000096300000|100%| E|CS|TAMS 0x0000000096200000, 0x0000000096200000| Complete 
| 325|0x0000000096300000, 0x0000000096400000, 0x0000000096400000|100%| E|CS|TAMS 0x0000000096300000, 0x0000000096300000| Complete 
| 326|0x0000000096400000, 0x0000000096500000, 0x0000000096500000|100%| E|CS|TAMS 0x0000000096400000, 0x0000000096400000| Complete 
| 327|0x0000000096500000, 0x0000000096600000, 0x0000000096600000|100%| E|CS|TAMS 0x0000000096500000, 0x0000000096500000| Complete 
| 328|0x0000000096600000, 0x0000000096700000, 0x0000000096700000|100%| E|CS|TAMS 0x0000000096600000, 0x0000000096600000| Complete 
| 329|0x0000000096700000, 0x0000000096800000, 0x0000000096800000|100%| E|CS|TAMS 0x0000000096700000, 0x0000000096700000| Complete 
| 330|0x0000000096800000, 0x0000000096900000, 0x0000000096900000|100%| E|CS|TAMS 0x0000000096800000, 0x0000000096800000| Complete 
| 331|0x0000000096900000, 0x0000000096a00000, 0x0000000096a00000|100%| E|CS|TAMS 0x0000000096900000, 0x0000000096900000| Complete 
| 332|0x0000000096a00000, 0x0000000096b00000, 0x0000000096b00000|100%| E|CS|TAMS 0x0000000096a00000, 0x0000000096a00000| Complete 
| 333|0x0000000096b00000, 0x0000000096c00000, 0x0000000096c00000|100%| E|CS|TAMS 0x0000000096b00000, 0x0000000096b00000| Complete 
| 334|0x0000000096c00000, 0x0000000096d00000, 0x0000000096d00000|100%| E|CS|TAMS 0x0000000096c00000, 0x0000000096c00000| Complete 
| 335|0x0000000096d00000, 0x0000000096e00000, 0x0000000096e00000|100%| E|CS|TAMS 0x0000000096d00000, 0x0000000096d00000| Complete 
| 336|0x0000000096e00000, 0x0000000096f00000, 0x0000000096f00000|100%| E|CS|TAMS 0x0000000096e00000, 0x0000000096e00000| Complete 
| 337|0x0000000096f00000, 0x0000000097000000, 0x0000000097000000|100%| E|CS|TAMS 0x0000000096f00000, 0x0000000096f00000| Complete 
| 338|0x0000000097000000, 0x0000000097100000, 0x0000000097100000|100%| E|CS|TAMS 0x0000000097000000, 0x0000000097000000| Complete 
| 339|0x0000000097100000, 0x0000000097200000, 0x0000000097200000|100%| E|CS|TAMS 0x0000000097100000, 0x0000000097100000| Complete 
| 340|0x0000000097200000, 0x0000000097300000, 0x0000000097300000|100%| E|CS|TAMS 0x0000000097200000, 0x0000000097200000| Complete 
| 341|0x0000000097300000, 0x0000000097400000, 0x0000000097400000|100%| E|CS|TAMS 0x0000000097300000, 0x0000000097300000| Complete 
| 342|0x0000000097400000, 0x0000000097500000, 0x0000000097500000|100%| E|CS|TAMS 0x0000000097400000, 0x0000000097400000| Complete 
| 343|0x0000000097500000, 0x0000000097600000, 0x0000000097600000|100%| E|CS|TAMS 0x0000000097500000, 0x0000000097500000| Complete 
| 344|0x0000000097600000, 0x0000000097700000, 0x0000000097700000|100%| E|CS|TAMS 0x0000000097600000, 0x0000000097600000| Complete 
| 345|0x0000000097700000, 0x0000000097800000, 0x0000000097800000|100%| E|CS|TAMS 0x0000000097700000, 0x0000000097700000| Complete 
| 346|0x0000000097800000, 0x0000000097900000, 0x0000000097900000|100%| E|CS|TAMS 0x0000000097800000, 0x0000000097800000| Complete 
| 347|0x0000000097900000, 0x0000000097a00000, 0x0000000097a00000|100%| E|CS|TAMS 0x0000000097900000, 0x0000000097900000| Complete 
| 348|0x0000000097a00000, 0x0000000097b00000, 0x0000000097b00000|100%| E|CS|TAMS 0x0000000097a00000, 0x0000000097a00000| Complete 
| 349|0x0000000097b00000, 0x0000000097c00000, 0x0000000097c00000|100%| E|CS|TAMS 0x0000000097b00000, 0x0000000097b00000| Complete 
| 350|0x0000000097c00000, 0x0000000097d00000, 0x0000000097d00000|100%| E|CS|TAMS 0x0000000097c00000, 0x0000000097c00000| Complete 
| 351|0x0000000097d00000, 0x0000000097e00000, 0x0000000097e00000|100%| E|CS|TAMS 0x0000000097d00000, 0x0000000097d00000| Complete 
| 352|0x0000000097e00000, 0x0000000097f00000, 0x0000000097f00000|100%| E|CS|TAMS 0x0000000097e00000, 0x0000000097e00000| Complete 
| 353|0x0000000097f00000, 0x0000000098000000, 0x0000000098000000|100%| E|CS|TAMS 0x0000000097f00000, 0x0000000097f00000| Complete 
| 354|0x0000000098000000, 0x0000000098100000, 0x0000000098100000|100%| E|CS|TAMS 0x0000000098000000, 0x0000000098000000| Complete 
| 355|0x0000000098100000, 0x0000000098200000, 0x0000000098200000|100%| E|CS|TAMS 0x0000000098100000, 0x0000000098100000| Complete 
| 356|0x0000000098200000, 0x0000000098300000, 0x0000000098300000|100%| E|CS|TAMS 0x0000000098200000, 0x0000000098200000| Complete 
| 357|0x0000000098300000, 0x0000000098400000, 0x0000000098400000|100%| E|CS|TAMS 0x0000000098300000, 0x0000000098300000| Complete 
| 358|0x0000000098400000, 0x0000000098500000, 0x0000000098500000|100%| E|CS|TAMS 0x0000000098400000, 0x0000000098400000| Complete 
| 359|0x0000000098500000, 0x0000000098600000, 0x0000000098600000|100%| E|CS|TAMS 0x0000000098500000, 0x0000000098500000| Complete 
| 360|0x0000000098600000, 0x0000000098700000, 0x0000000098700000|100%| E|CS|TAMS 0x0000000098600000, 0x0000000098600000| Complete 
| 361|0x0000000098700000, 0x0000000098800000, 0x0000000098800000|100%| E|CS|TAMS 0x0000000098700000, 0x0000000098700000| Complete 
| 362|0x0000000098800000, 0x0000000098900000, 0x0000000098900000|100%| E|CS|TAMS 0x0000000098800000, 0x0000000098800000| Complete 
| 363|0x0000000098900000, 0x0000000098a00000, 0x0000000098a00000|100%| E|CS|TAMS 0x0000000098900000, 0x0000000098900000| Complete 
| 364|0x0000000098a00000, 0x0000000098b00000, 0x0000000098b00000|100%| E|CS|TAMS 0x0000000098a00000, 0x0000000098a00000| Complete 
| 365|0x0000000098b00000, 0x0000000098c00000, 0x0000000098c00000|100%| E|CS|TAMS 0x0000000098b00000, 0x0000000098b00000| Complete 
| 366|0x0000000098c00000, 0x0000000098d00000, 0x0000000098d00000|100%| E|CS|TAMS 0x0000000098c00000, 0x0000000098c00000| Complete 
| 367|0x0000000098d00000, 0x0000000098e00000, 0x0000000098e00000|100%| E|CS|TAMS 0x0000000098d00000, 0x0000000098d00000| Complete 
| 368|0x0000000098e00000, 0x0000000098f00000, 0x0000000098f00000|100%| E|CS|TAMS 0x0000000098e00000, 0x0000000098e00000| Complete 
| 369|0x0000000098f00000, 0x0000000099000000, 0x0000000099000000|100%| E|CS|TAMS 0x0000000098f00000, 0x0000000098f00000| Complete 
| 370|0x0000000099000000, 0x0000000099100000, 0x0000000099100000|100%| E|CS|TAMS 0x0000000099000000, 0x0000000099000000| Complete 
| 401|0x000000009af00000, 0x000000009b000000, 0x000000009b000000|100%| E|CS|TAMS 0x000000009af00000, 0x000000009af00000| Complete 
| 402|0x000000009b000000, 0x000000009b100000, 0x000000009b100000|100%| E|CS|TAMS 0x000000009b000000, 0x000000009b000000| Complete 
| 403|0x000000009b100000, 0x000000009b200000, 0x000000009b200000|100%| E|CS|TAMS 0x000000009b100000, 0x000000009b100000| Complete 
| 404|0x000000009b200000, 0x000000009b300000, 0x000000009b300000|100%| E|CS|TAMS 0x000000009b200000, 0x000000009b200000| Complete 
| 405|0x000000009b300000, 0x000000009b400000, 0x000000009b400000|100%| E|CS|TAMS 0x000000009b300000, 0x000000009b300000| Complete 
| 406|0x000000009b400000, 0x000000009b500000, 0x000000009b500000|100%| E|CS|TAMS 0x000000009b400000, 0x000000009b400000| Complete 

Card table byte_map: [0x0000024adb9c0000,0x0000024adbdc0000] _byte_map_base: 0x0000024adb5b1000

Marking Bits (Prev, Next): (CMBitMap*) 0x0000024ac307a820, (CMBitMap*) 0x0000024ac307a860
 Prev Bits: [0x0000024adc1c0000, 0x0000024ade148000)
 Next Bits: [0x0000024ade150000, 0x0000024ae00d8000)

Polling page: 0x0000024ac3110000

Metaspace:

Usage:
  Non-class:      6.48 MB used.
      Class:    432.49 KB used.
       Both:      6.91 MB used.

Virtual space:
  Non-class space:       16.00 MB reserved,       6.56 MB ( 41%) committed,  2 nodes.
      Class space:        1.00 GB reserved,     512.00 KB ( <1%) committed,  1 nodes.
              Both:        1.02 GB reserved,       7.06 MB ( <1%) committed. 

Chunk freelists:
   Non-Class:  3.61 MB
       Class:  3.45 MB
        Both:  7.06 MB

MaxMetaspaceSize: 17179869184.00 GB
CompressedClassSpaceSize: 1.00 GB
 - commit_granule_bytes: 65536.
 - commit_granule_words: 8192.
 - virtual_space_node_default_size: 1048576.
 - enlarge_chunks_in_place: 1.
 - new_chunks_are_fully_committed: 0.
 - uncommit_free_chunks: 1.
 - use_allocation_guard: 0.
 - handle_deallocations: 1.


Internal statistics:

num_allocs_failed_limit: 0.
num_arena_births: 64.
num_arena_deaths: 0.
num_vsnodes_births: 3.
num_vsnodes_deaths: 0.
num_space_committed: 110.
num_space_uncommitted: 0.
num_chunks_returned_to_freelist: 0.
num_chunks_taken_from_freelist: 251.
num_chunk_merges: 0.
num_chunk_splits: 178.
num_chunks_enlarged: 139.
num_purges: 0.

CodeHeap 'non-profiled nmethods': size=120000Kb used=3263Kb max_used=3303Kb free=116736Kb
 bounds [0x0000024ad3a70000, 0x0000024ad3dd0000, 0x0000024adafa0000]
CodeHeap 'profiled nmethods': size=120000Kb used=4249Kb max_used=4674Kb free=115750Kb
 bounds [0x0000024acc540000, 0x0000024accae0000, 0x0000024ad3a70000]
CodeHeap 'non-nmethods': size=5760Kb used=1620Kb max_used=1700Kb free=4139Kb
 bounds [0x0000024acbfa0000, 0x0000024acc210000, 0x0000024acc540000]
 total_blobs=2633 nmethods=1586 adapters=960
 compilation: enabled
              stopped_count=0, restarted_count=0
 full_count=0

Compilation events (20 events):
Event: 143.974 Thread 0x0000024ae26cd910 2084       4       com.badlogic.gdx.utils.IntArray::add (48 bytes)
Event: 143.975 Thread 0x0000024ae26cd910 nmethod 2084 0x0000024ad3cabd90 code [0x0000024ad3cabf40, 0x0000024ad3cac0a8]
Event: 144.022 Thread 0x0000024ae26cd910 2085       4       com.mygdx.game.player.Item::Update (1077 bytes)
Event: 144.041 Thread 0x0000024ae26cd910 nmethod 2085 0x0000024ad3caa510 code [0x0000024ad3caa7c0, 0x0000024ad3cab6b8]
Event: 162.139 Thread 0x0000024ae26e3040 2086       3       com.badlogic.gdx.utils.IntMap::locateKey (46 bytes)
Event: 162.139 Thread 0x0000024ae26e3040 nmethod 2086 0x0000024acc98a010 code [0x0000024acc98a1c0, 0x0000024acc98a498]
Event: 162.139 Thread 0x0000024ae26e3040 2087       3       com.badlogic.gdx.utils.IntMap::place (13 bytes)
Event: 162.139 Thread 0x0000024ae26e3040 nmethod 2087 0x0000024acc69d010 code [0x0000024acc69d1a0, 0x0000024acc69d2d8]
Event: 162.155 Thread 0x0000024ae26e3040 2088       3       com.mygdx.game.player.Item::Update (1077 bytes)
Event: 162.158 Thread 0x0000024ae26e3040 nmethod 2088 0x0000024acc829890 code [0x0000024acc829d20, 0x0000024acc82b818]
Event: 162.871 Thread 0x0000024ae26e3040 2089 %     3       com.mygdx.game.mobs.MobManager::Update @ 506 (1919 bytes)
Event: 162.882 Thread 0x0000024ae26e3040 nmethod 2089% 0x0000024acc77ca90 code [0x0000024acc77db00, 0x0000024acc789928]
Event: 162.882 Thread 0x0000024ae26e3040 2090       3       java.util.Arrays::copyOf (40 bytes)
Event: 162.882 Thread 0x0000024ae26e3040 nmethod 2090 0x0000024acc9a0190 code [0x0000024acc9a03a0, 0x0000024acc9a0a88]
Event: 162.882 Thread 0x0000024ae26e3040 2091       3       org.lwjgl.openal.AL10::alSourcef (15 bytes)
Event: 162.882 Thread 0x0000024ae26e3040 nmethod 2091 0x0000024acc5c9790 code [0x0000024acc5c9960, 0x0000024acc5c9c08]
Event: 163.454 Thread 0x0000024ae26e3040 2092       3       com.mygdx.game.mobs.MobManager::Update (1919 bytes)
Event: 163.463 Thread 0x0000024ae26e3040 nmethod 2092 0x0000024acca6bb90 code [0x0000024acca6cbe0, 0x0000024acca784e8]
Event: 167.703 Thread 0x0000024ae26e3040 2093       3       com.mygdx.game.map.rain.Rain::Update (790 bytes)
Event: 167.708 Thread 0x0000024ae26e3040 nmethod 2093 0x0000024acc558210 code [0x0000024acc5586e0, 0x0000024acc55b478]

GC Heap History (20 events):
Event: 3.180 GC heap before
{Heap before GC invocations=8 (full 0):
 garbage-first heap   total 399360K, used 146432K [0x0000000081e00000, 0x0000000100000000)
  region size 1024K, 35 young (35840K), 2 survivors (2048K)
 Metaspace       used 6323K, committed 6464K, reserved 1056768K
  class space    used 416K, committed 512K, reserved 1048576K
}
Event: 3.185 GC heap after
{Heap after GC invocations=9 (full 0):
 garbage-first heap   total 399360K, used 118135K [0x0000000081e00000, 0x0000000100000000)
  region size 1024K, 5 young (5120K), 5 survivors (5120K)
 Metaspace       used 6323K, committed 6464K, reserved 1056768K
  class space    used 416K, committed 512K, reserved 1048576K
}
Event: 3.241 GC heap before
{Heap before GC invocations=9 (full 0):
 garbage-first heap   total 399360K, used 164215K [0x0000000081e00000, 0x0000000100000000)
  region size 1024K, 50 young (51200K), 5 survivors (5120K)
 Metaspace       used 6337K, committed 6528K, reserved 1056768K
  class space    used 416K, committed 512K, reserved 1048576K
}
Event: 3.244 GC heap after
{Heap after GC invocations=10 (full 0):
 garbage-first heap   total 399360K, used 118863K [0x0000000081e00000, 0x0000000100000000)
  region size 1024K, 4 young (4096K), 4 survivors (4096K)
 Metaspace       used 6337K, committed 6528K, reserved 1056768K
  class space    used 416K, committed 512K, reserved 1048576K
}
Event: 3.319 GC heap before
{Heap before GC invocations=10 (full 0):
 garbage-first heap   total 399360K, used 194639K [0x0000000081e00000, 0x0000000100000000)
  region size 1024K, 78 young (79872K), 4 survivors (4096K)
 Metaspace       used 6337K, committed 6528K, reserved 1056768K
  class space    used 416K, committed 512K, reserved 1048576K
}
Event: 3.321 GC heap after
{Heap after GC invocations=11 (full 0):
 garbage-first heap   total 399360K, used 118765K [0x0000000081e00000, 0x0000000100000000)
  region size 1024K, 4 young (4096K), 4 survivors (4096K)
 Metaspace       used 6337K, committed 6528K, reserved 1056768K
  class space    used 416K, committed 512K, reserved 1048576K
}
Event: 3.427 GC heap before
{Heap before GC invocations=11 (full 0):
 garbage-first heap   total 399360K, used 234477K [0x0000000081e00000, 0x0000000100000000)
  region size 1024K, 117 young (119808K), 4 survivors (4096K)
 Metaspace       used 6337K, committed 6528K, reserved 1056768K
  class space    used 416K, committed 512K, reserved 1048576K
}
Event: 3.429 GC heap after
{Heap after GC invocations=12 (full 0):
 garbage-first heap   total 399360K, used 118661K [0x0000000081e00000, 0x0000000100000000)
  region size 1024K, 4 young (4096K), 4 survivors (4096K)
 Metaspace       used 6337K, committed 6528K, reserved 1056768K
  class space    used 416K, committed 512K, reserved 1048576K
}
Event: 3.590 GC heap before
{Heap before GC invocations=12 (full 0):
 garbage-first heap   total 399360K, used 290693K [0x0000000081e00000, 0x0000000100000000)
  region size 1024K, 172 young (176128K), 4 survivors (4096K)
 Metaspace       used 6337K, committed 6528K, reserved 1056768K
  class space    used 416K, committed 512K, reserved 1048576K
}
Event: 3.592 GC heap after
{Heap after GC invocations=13 (full 0):
 garbage-first heap   total 399360K, used 118880K [0x0000000081e00000, 0x0000000100000000)
  region size 1024K, 4 young (4096K), 4 survivors (4096K)
 Metaspace       used 6337K, committed 6528K, reserved 1056768K
  class space    used 416K, committed 512K, reserved 1048576K
}
Event: 3.738 GC heap before
{Heap before GC invocations=13 (full 0):
 garbage-first heap   total 399360K, used 305248K [0x0000000081e00000, 0x0000000100000000)
  region size 1024K, 186 young (190464K), 4 survivors (4096K)
 Metaspace       used 6337K, committed 6528K, reserved 1056768K
  class space    used 416K, committed 512K, reserved 1048576K
}
Event: 3.740 GC heap after
{Heap after GC invocations=14 (full 0):
 garbage-first heap   total 399360K, used 118579K [0x0000000081e00000, 0x0000000100000000)
  region size 1024K, 4 young (4096K), 4 survivors (4096K)
 Metaspace       used 6337K, committed 6528K, reserved 1056768K
  class space    used 416K, committed 512K, reserved 1048576K
}
Event: 3.858 GC heap before
{Heap before GC invocations=14 (full 0):
 garbage-first heap   total 399360K, used 273203K [0x0000000081e00000, 0x0000000100000000)
  region size 1024K, 156 young (159744K), 4 survivors (4096K)
 Metaspace       used 6338K, committed 6528K, reserved 1056768K
  class space    used 416K, committed 512K, reserved 1048576K
}
Event: 3.942 GC heap after
{Heap after GC invocations=15 (full 1):
 garbage-first heap   total 386048K, used 114137K [0x0000000081e00000, 0x0000000100000000)
  region size 1024K, 0 young (0K), 0 survivors (0K)
 Metaspace       used 6338K, committed 6528K, reserved 1056768K
  class space    used 416K, committed 512K, reserved 1048576K
}
Event: 14.809 GC heap before
{Heap before GC invocations=15 (full 1):
 garbage-first heap   total 386048K, used 303577K [0x0000000081e00000, 0x0000000100000000)
  region size 1024K, 185 young (189440K), 0 survivors (0K)
 Metaspace       used 7011K, committed 7168K, reserved 1064960K
  class space    used 431K, committed 512K, reserved 1048576K
}
Event: 14.810 GC heap after
{Heap after GC invocations=16 (full 1):
 garbage-first heap   total 386048K, used 115311K [0x0000000081e00000, 0x0000000100000000)
  region size 1024K, 2 young (2048K), 2 survivors (2048K)
 Metaspace       used 7011K, committed 7168K, reserved 1064960K
  class space    used 431K, committed 512K, reserved 1048576K
}
Event: 23.057 GC heap before
{Heap before GC invocations=16 (full 1):
 garbage-first heap   total 386048K, used 308847K [0x0000000081e00000, 0x0000000100000000)
  region size 1024K, 191 young (195584K), 2 survivors (2048K)
 Metaspace       used 7025K, committed 7168K, reserved 1064960K
  class space    used 431K, committed 512K, reserved 1048576K
}
Event: 23.060 GC heap after
{Heap after GC invocations=17 (full 1):
 garbage-first heap   total 386048K, used 116260K [0x0000000081e00000, 0x0000000100000000)
  region size 1024K, 3 young (3072K), 3 survivors (3072K)
 Metaspace       used 7025K, committed 7168K, reserved 1064960K
  class space    used 431K, committed 512K, reserved 1048576K
}
Event: 112.320 GC heap before
{Heap before GC invocations=17 (full 1):
 garbage-first heap   total 386048K, used 316964K [0x0000000081e00000, 0x0000000100000000)
  region size 1024K, 199 young (203776K), 3 survivors (3072K)
 Metaspace       used 7057K, committed 7168K, reserved 1064960K
  class space    used 432K, committed 512K, reserved 1048576K
}
Event: 112.325 GC heap after
{Heap after GC invocations=18 (full 1):
 garbage-first heap   total 386048K, used 117209K [0x0000000081e00000, 0x0000000100000000)
  region size 1024K, 3 young (3072K), 3 survivors (3072K)
 Metaspace       used 7057K, committed 7168K, reserved 1064960K
  class space    used 432K, committed 512K, reserved 1048576K
}

Deoptimization events (20 events):
Event: 124.191 Thread 0x0000024ac302f790 DEOPT PACKING pc=0x0000024accac7383 sp=0x0000009f3dbfece0
Event: 124.191 Thread 0x0000024ac302f790 DEOPT UNPACKING pc=0x0000024acbfedece sp=0x0000009f3dbfe450 mode 0
Event: 131.904 Thread 0x0000024ac302f790 DEOPT PACKING pc=0x0000024acc79b09b sp=0x0000009f3dbfed70
Event: 131.904 Thread 0x0000024ac302f790 DEOPT UNPACKING pc=0x0000024acbfedece sp=0x0000009f3dbfe338 mode 0
Event: 145.987 Thread 0x0000024ac302f790 Uncommon trap: trap_request=0xffffff45 fr.pc=0x0000024ad3cab2b8 relative=0x0000000000000af8
Event: 145.988 Thread 0x0000024ac302f790 Uncommon trap: reason=unstable_if action=reinterpret pc=0x0000024ad3cab2b8 method=com.mygdx.game.player.Item.Update([[Lcom/mygdx/game/map/Block;FFFII)V @ 385 c2
Event: 145.988 Thread 0x0000024ac302f790 DEOPT PACKING pc=0x0000024ad3cab2b8 sp=0x0000009f3dbfef50
Event: 145.988 Thread 0x0000024ac302f790 DEOPT UNPACKING pc=0x0000024acbfed72e sp=0x0000009f3dbfeef0 mode 2
Event: 162.871 Thread 0x0000024ac302f790 Uncommon trap: trap_request=0xffffff45 fr.pc=0x0000024ad3cb5194 relative=0x00000000000015b4
Event: 162.871 Thread 0x0000024ac302f790 Uncommon trap: reason=unstable_if action=reinterpret pc=0x0000024ad3cb5194 method=com.mygdx.game.mobs.MobManager.Update(Ljava/util/ArrayList;[[Lcom/mygdx/game/map/Block;Lcom/mygdx/game/player/Player;IIILcom/badlogic/gdx/graphics/Texture;Lcom/badlogic/gdx/
Event: 162.871 Thread 0x0000024ac302f790 DEOPT PACKING pc=0x0000024ad3cb5194 sp=0x0000009f3dbfef50
Event: 162.871 Thread 0x0000024ac302f790 DEOPT UNPACKING pc=0x0000024acbfed72e sp=0x0000009f3dbfeea0 mode 2
Event: 166.008 Thread 0x0000024ac302f790 DEOPT PACKING pc=0x0000024acca77034 sp=0x0000009f3dbfedc0
Event: 166.008 Thread 0x0000024ac302f790 DEOPT UNPACKING pc=0x0000024acbfedece sp=0x0000009f3dbfe388 mode 0
Event: 167.150 Thread 0x0000024ac302f790 DEOPT PACKING pc=0x0000024acca7801b sp=0x0000009f3dbfedc0
Event: 167.151 Thread 0x0000024ac302f790 DEOPT UNPACKING pc=0x0000024acbfedece sp=0x0000009f3dbfe388 mode 0
Event: 167.453 Thread 0x0000024ac302f790 Uncommon trap: trap_request=0xffffff45 fr.pc=0x0000024ad3cb21f4 relative=0x0000000000001514
Event: 167.453 Thread 0x0000024ac302f790 Uncommon trap: reason=unstable_if action=reinterpret pc=0x0000024ad3cb21f4 method=com.mygdx.game.map.rain.Rain.Update(Lcom/mygdx/game/player/Player;[[Lcom/mygdx/game/map/Block;IILcom/badlogic/gdx/graphics/g2d/Batch;F)V @ 143 c2
Event: 167.453 Thread 0x0000024ac302f790 DEOPT PACKING pc=0x0000024ad3cb21f4 sp=0x0000009f3dbfef50
Event: 167.453 Thread 0x0000024ac302f790 DEOPT UNPACKING pc=0x0000024acbfed72e sp=0x0000009f3dbfeef8 mode 2

Classes unloaded (0 events):
No events

Classes redefined (0 events):
No events

Internal exceptions (20 events):
Event: 0.226 Thread 0x0000024ac302f790 Exception <a 'java/lang/NoSuchMethodError'{0x000000008971d5f8}: 'int java.lang.invoke.DirectMethodHandle$Holder.invokeSpecial(java.lang.Object, java.lang.Object, java.lang.Object)'> (0x000000008971d5f8) 
thrown [t:\workspace\open\src\hotspot\share\interpreter\linkResolver.cpp, line 790]
Event: 0.253 Thread 0x0000024ac302f790 Exception <a 'sun/nio/fs/WindowsException'{0x00000000897b4288}> (0x00000000897b4288) 
thrown [t:\workspace\open\src\hotspot\share\prims\jni.cpp, line 579]
Event: 0.254 Thread 0x0000024ac302f790 Exception <a 'sun/nio/fs/WindowsException'{0x00000000897b47d8}> (0x00000000897b47d8) 
thrown [t:\workspace\open\src\hotspot\share\prims\jni.cpp, line 579]
Event: 0.280 Thread 0x0000024ac302f790 Exception <a 'java/lang/NoSuchMethodError'{0x0000000089653bf0}: 'int java.lang.invoke.DirectMethodHandle$Holder.invokeStaticInit(java.lang.Object, java.lang.Object, int, long)'> (0x0000000089653bf0) 
thrown [t:\workspace\open\src\hotspot\share\interpreter\linkResolver.cpp, line 790]
Event: 0.280 Thread 0x0000024ac302f790 Exception <a 'java/lang/NoSuchMethodError'{0x00000000896596c0}: 'java.lang.Object java.lang.invoke.DirectMethodHandle$Holder.newInvokeSpecial(java.lang.Object, java.lang.Object, int)'> (0x00000000896596c0) 
thrown [t:\workspace\open\src\hotspot\share\interpreter\linkResolver.cpp, line 790]
Event: 0.282 Thread 0x0000024ac302f790 Exception <a 'java/lang/NoSuchMethodError'{0x000000008966edf8}: 'int java.lang.invoke.DirectMethodHandle$Holder.invokeStaticInit(java.lang.Object, java.lang.Object, long, long)'> (0x000000008966edf8) 
thrown [t:\workspace\open\src\hotspot\share\interpreter\linkResolver.cpp, line 790]
Event: 0.283 Thread 0x0000024ac302f790 Exception <a 'java/lang/NoSuchMethodError'{0x00000000896751a0}: 'java.lang.Object java.lang.invoke.DirectMethodHandle$Holder.newInvokeSpecial(java.lang.Object, java.lang.Object, long)'> (0x00000000896751a0) 
thrown [t:\workspace\open\src\hotspot\share\interpreter\linkResolver.cpp, line 790]
Event: 0.283 Thread 0x0000024ac302f790 Exception <a 'java/lang/NoSuchMethodError'{0x00000000896792f8}: 'java.lang.Object java.lang.invoke.Invokers$Holder.linkToTargetMethod(java.lang.Object, long, java.lang.Object)'> (0x00000000896792f8) 
thrown [t:\workspace\open\src\hotspot\share\interpreter\linkResolver.cpp, line 790]
Event: 0.284 Thread 0x0000024ac302f790 Exception <a 'java/lang/NoSuchMethodError'{0x0000000089680da0}: 'int java.lang.invoke.DirectMethodHandle$Holder.invokeStaticInit(java.lang.Object, java.lang.Object, java.lang.Object, long)'> (0x0000000089680da0) 
thrown [t:\workspace\open\src\hotspot\share\interpreter\linkResolver.cpp, line 790]
Event: 0.306 Thread 0x0000024ac302f790 Exception <a 'sun/nio/fs/WindowsException'{0x000000008953dea0}> (0x000000008953dea0) 
thrown [t:\workspace\open\src\hotspot\share\prims\jni.cpp, line 579]
Event: 0.306 Thread 0x0000024ac302f790 Exception <a 'sun/nio/fs/WindowsException'{0x000000008953e230}> (0x000000008953e230) 
thrown [t:\workspace\open\src\hotspot\share\prims\jni.cpp, line 579]
Event: 0.328 Thread 0x0000024ac302f790 Exception <a 'sun/nio/fs/WindowsException'{0x0000000089406d80}> (0x0000000089406d80) 
thrown [t:\workspace\open\src\hotspot\share\prims\jni.cpp, line 579]
Event: 0.328 Thread 0x0000024ac302f790 Exception <a 'sun/nio/fs/WindowsException'{0x00000000894070e0}> (0x00000000894070e0) 
thrown [t:\workspace\open\src\hotspot\share\prims\jni.cpp, line 579]
Event: 0.367 Thread 0x0000024ac302f790 Exception <a 'sun/nio/fs/WindowsException'{0x00000000894a30c8}> (0x00000000894a30c8) 
thrown [t:\workspace\open\src\hotspot\share\prims\jni.cpp, line 579]
Event: 0.367 Thread 0x0000024ac302f790 Exception <a 'sun/nio/fs/WindowsException'{0x00000000894a3448}> (0x00000000894a3448) 
thrown [t:\workspace\open\src\hotspot\share\prims\jni.cpp, line 579]
Event: 0.423 Thread 0x0000024ac302f790 Exception <a 'java/lang/NoSuchMethodError'{0x00000000894f3708}: 'java.lang.Object java.lang.invoke.DirectMethodHandle$Holder.newInvokeSpecial(java.lang.Object, long)'> (0x00000000894f3708) 
thrown [t:\workspace\open\src\hotspot\share\interpreter\linkResolver.cpp, line 790]
Event: 0.632 Thread 0x0000024ac302f790 Exception <a 'sun/nio/fs/WindowsException'{0x000000008922f820}> (0x000000008922f820) 
thrown [t:\workspace\open\src\hotspot\share\prims\jni.cpp, line 579]
Event: 0.632 Thread 0x0000024ac302f790 Exception <a 'sun/nio/fs/WindowsException'{0x000000008922fbc8}> (0x000000008922fbc8) 
thrown [t:\workspace\open\src\hotspot\share\prims\jni.cpp, line 579]
Event: 0.635 Thread 0x0000024ac302f790 Exception <a 'sun/nio/fs/WindowsException'{0x00000000892453d0}> (0x00000000892453d0) 
thrown [t:\workspace\open\src\hotspot\share\prims\jni.cpp, line 579]
Event: 0.635 Thread 0x0000024ac302f790 Exception <a 'sun/nio/fs/WindowsException'{0x00000000892456b0}> (0x00000000892456b0) 
thrown [t:\workspace\open\src\hotspot\share\prims\jni.cpp, line 579]

Events (20 events):
Event: 84.190 Executing  VM operation: Cleanup
Event: 84.190 Executing  VM operation: Cleanup done
Event: 94.295 Executing  VM operation: Cleanup
Event: 94.296 Executing  VM operation: Cleanup done
Event: 101.931 Executing  VM operation: HandshakeAllThreads
Event: 101.931 Executing  VM operation: HandshakeAllThreads done
Event: 101.932 Thread 0x0000024ae26fd670 flushing nmethod 0x0000024ad3da8890
Event: 101.933 Thread 0x0000024ae26fd670 flushing nmethod 0x0000024acc7b9a10
Event: 102.936 Executing  VM operation: Cleanup
Event: 102.936 Executing  VM operation: Cleanup done
Event: 103.949 Executing  VM operation: Cleanup
Event: 103.949 Executing  VM operation: Cleanup done
Event: 112.320 Executing  VM operation: G1CollectForAllocation
Event: 112.325 Executing  VM operation: G1CollectForAllocation done
Event: 122.431 Executing  VM operation: Cleanup
Event: 122.431 Executing  VM operation: Cleanup done
Event: 130.507 Executing  VM operation: Cleanup
Event: 130.507 Executing  VM operation: Cleanup done
Event: 163.842 Executing  VM operation: Cleanup
Event: 163.842 Executing  VM operation: Cleanup done


Dynamic libraries:
0x00007ff65b4a0000 - 0x00007ff65b4b0000 	C:\Program Files\Java\jdk-16.0.2\bin\java.exe
0x00007ffdef3d0000 - 0x00007ffdef5c8000 	C:\WINDOWS\SYSTEM32\ntdll.dll
0x00007ffdee110000 - 0x00007ffdee1cf000 	C:\WINDOWS\System32\KERNEL32.DLL
0x00007ffdecbb0000 - 0x00007ffdece8a000 	C:\WINDOWS\System32\KERNELBASE.dll
0x00007ffded280000 - 0x00007ffded380000 	C:\WINDOWS\System32\ucrtbase.dll
0x00007ffda63a0000 - 0x00007ffda63b8000 	C:\Program Files\Java\jdk-16.0.2\bin\jli.dll
0x00007ffded680000 - 0x00007ffded72e000 	C:\WINDOWS\System32\ADVAPI32.dll
0x00007ffdee4e0000 - 0x00007ffdee57e000 	C:\WINDOWS\System32\msvcrt.dll
0x00007ffdedeb0000 - 0x00007ffdedf4c000 	C:\WINDOWS\System32\sechost.dll
0x00007ffded430000 - 0x00007ffded556000 	C:\WINDOWS\System32\RPCRT4.dll
0x00007ffda5e00000 - 0x00007ffda5e19000 	C:\Program Files\Java\jdk-16.0.2\bin\VCRUNTIME140.dll
0x00007ffdee340000 - 0x00007ffdee4dd000 	C:\WINDOWS\System32\USER32.dll
0x00007ffded040000 - 0x00007ffded062000 	C:\WINDOWS\System32\win32u.dll
0x00007ffdede80000 - 0x00007ffdedeab000 	C:\WINDOWS\System32\GDI32.dll
0x00007ffded170000 - 0x00007ffded280000 	C:\WINDOWS\System32\gdi32full.dll
0x00007ffdecae0000 - 0x00007ffdecb7d000 	C:\WINDOWS\System32\msvcp_win.dll
0x00007ffde05c0000 - 0x00007ffde085a000 	C:\WINDOWS\WinSxS\amd64_microsoft.windows.common-controls_6595b64144ccf1df_6.0.19041.1110_none_60b5254171f9507e\COMCTL32.dll
0x00007ffde5420000 - 0x00007ffde542a000 	C:\WINDOWS\SYSTEM32\VERSION.dll
0x00007ffdedf50000 - 0x00007ffdedf80000 	C:\WINDOWS\System32\IMM32.DLL
0x00007ffdbbe90000 - 0x00007ffdbbe9c000 	C:\Program Files\Java\jdk-16.0.2\bin\vcruntime140_1.dll
0x00007ffd86f30000 - 0x00007ffd86fc1000 	C:\Program Files\Java\jdk-16.0.2\bin\msvcp140.dll
0x00007ffd86380000 - 0x00007ffd86f2b000 	C:\Program Files\Java\jdk-16.0.2\bin\server\jvm.dll
0x00007ffdee6a0000 - 0x00007ffdee6a8000 	C:\WINDOWS\System32\PSAPI.DLL
0x00007ffdbdf50000 - 0x00007ffdbdf59000 	C:\WINDOWS\SYSTEM32\WSOCK32.dll
0x00007ffde4f00000 - 0x00007ffde4f27000 	C:\WINDOWS\SYSTEM32\WINMM.dll
0x00007ffdee630000 - 0x00007ffdee69b000 	C:\WINDOWS\System32\WS2_32.dll
0x00007ffdeb380000 - 0x00007ffdeb392000 	C:\WINDOWS\SYSTEM32\kernel.appcore.dll
0x00007ffdb5540000 - 0x00007ffdb554a000 	C:\Program Files\Java\jdk-16.0.2\bin\jimage.dll
0x00007ffdcce30000 - 0x00007ffdcd014000 	C:\WINDOWS\SYSTEM32\DBGHELP.DLL
0x00007ffdc5c90000 - 0x00007ffdc5cc4000 	C:\WINDOWS\SYSTEM32\dbgcore.DLL
0x00007ffded0e0000 - 0x00007ffded162000 	C:\WINDOWS\System32\bcryptPrimitives.dll
0x00007ffda4fe0000 - 0x00007ffda5005000 	C:\Program Files\Java\jdk-16.0.2\bin\java.dll
0x00007ffded730000 - 0x00007ffdede74000 	C:\WINDOWS\System32\SHELL32.dll
0x00007ffdeab80000 - 0x00007ffdeb313000 	C:\WINDOWS\SYSTEM32\windows.storage.dll
0x00007ffdee800000 - 0x00007ffdeeb54000 	C:\WINDOWS\System32\combase.dll
0x00007ffdec540000 - 0x00007ffdec56e000 	C:\WINDOWS\SYSTEM32\Wldp.dll
0x00007ffdedf80000 - 0x00007ffdee02d000 	C:\WINDOWS\System32\SHCORE.dll
0x00007ffdee1f0000 - 0x00007ffdee245000 	C:\WINDOWS\System32\shlwapi.dll
0x00007ffdeca20000 - 0x00007ffdeca3f000 	C:\WINDOWS\SYSTEM32\profapi.dll
0x00007ffda5030000 - 0x00007ffda5049000 	C:\Program Files\Java\jdk-16.0.2\bin\net.dll
0x00007ffde5210000 - 0x00007ffde531a000 	C:\WINDOWS\SYSTEM32\WINHTTP.dll
0x00007ffdec2a0000 - 0x00007ffdec30a000 	C:\WINDOWS\system32\mswsock.dll
0x00007ffda4fc0000 - 0x00007ffda4fd3000 	C:\Program Files\Java\jdk-16.0.2\bin\nio.dll
0x00007ffda4fa0000 - 0x00007ffda4fb8000 	C:\Program Files\Java\jdk-16.0.2\bin\zip.dll
0x0000000057e10000 - 0x0000000057e39000 	C:\Users\Joona\AppData\Local\Temp\libgdxJoona\e787ab0a\gdx64.dll
0x00007ffdc7820000 - 0x00007ffdc7895000 	C:\Users\Joona\AppData\Local\Temp\lwjglJoona\3.3.1-build-7\lwjgl.dll
0x00007ffda0750000 - 0x00007ffda09a9000 	C:\Users\Joona\AppData\Local\Temp\lwjglJoona\3.3.1-build-7\jemalloc.dll
0x00007ffdc77b0000 - 0x00007ffdc7811000 	C:\Users\Joona\AppData\Local\Temp\lwjglJoona\3.3.1-build-7\glfw.dll
0x00007ffdc87e0000 - 0x00007ffdc8825000 	C:\WINDOWS\SYSTEM32\dinput8.dll
0x00007ffdd85f0000 - 0x00007ffdd8601000 	C:\WINDOWS\SYSTEM32\xinput1_4.dll
0x00007ffdecff0000 - 0x00007ffded03e000 	C:\WINDOWS\System32\cfgmgr32.dll
0x00007ffdec890000 - 0x00007ffdec8bc000 	C:\WINDOWS\SYSTEM32\DEVOBJ.dll
0x00007ffdea7f0000 - 0x00007ffdea81f000 	C:\WINDOWS\SYSTEM32\dwmapi.dll
0x00007ffde3920000 - 0x00007ffde3a72000 	C:\WINDOWS\SYSTEM32\inputhost.dll
0x00007ffdeedf0000 - 0x00007ffdeeebd000 	C:\WINDOWS\System32\OLEAUT32.dll
0x00007ffde85b0000 - 0x00007ffde86a6000 	C:\WINDOWS\SYSTEM32\PROPSYS.dll
0x00007ffde9f40000 - 0x00007ffdea032000 	C:\WINDOWS\SYSTEM32\CoreMessaging.dll
0x00007ffde9510000 - 0x00007ffde9664000 	C:\WINDOWS\SYSTEM32\wintypes.dll
0x00007ffde9be0000 - 0x00007ffde9f3e000 	C:\WINDOWS\SYSTEM32\CoreUIComponents.dll
0x00007ffdebc70000 - 0x00007ffdebca3000 	C:\WINDOWS\SYSTEM32\ntmarta.dll
0x00007ffdea430000 - 0x00007ffdea4ce000 	C:\WINDOWS\system32\uxtheme.dll
0x00007ffded560000 - 0x00007ffded674000 	C:\WINDOWS\System32\MSCTF.dll
0x00007ffdbc120000 - 0x00007ffdbc2b7000 	C:\Users\Joona\AppData\Local\Temp\lwjglJoona\3.3.1-build-7\OpenAL.dll
0x00007ffdee6b0000 - 0x00007ffdee7da000 	C:\WINDOWS\System32\ole32.dll
0x00007ffdee580000 - 0x00007ffdee629000 	C:\WINDOWS\System32\clbcatq.dll
0x00007ffde6b30000 - 0x00007ffde6bb5000 	C:\WINDOWS\System32\MMDevApi.dll
0x00007ffde6be0000 - 0x00007ffde6d62000 	C:\WINDOWS\SYSTEM32\AUDIOSES.DLL
0x00007ffdec0b0000 - 0x00007ffdec0fb000 	C:\WINDOWS\SYSTEM32\powrprof.dll
0x00007ffdebf20000 - 0x00007ffdebf32000 	C:\WINDOWS\SYSTEM32\UMPDC.dll
0x00007ffdea4f0000 - 0x00007ffdea504000 	C:\WINDOWS\SYSTEM32\resourcepolicyclient.dll
0x00007ffdbde20000 - 0x00007ffdbdf45000 	C:\WINDOWS\SYSTEM32\opengl32.dll
0x00007ffdbef20000 - 0x00007ffdbef4c000 	C:\WINDOWS\SYSTEM32\GLU32.dll
0x00007ffde7560000 - 0x00007ffde7664000 	C:\Windows\System32\AppXDeploymentClient.dll
0x00007ffd7fa10000 - 0x00007ffd82533000 	C:\WINDOWS\System32\DriverStore\FileRepository\nv_dispi.inf_amd64_81d55a78dddd30f4\nvoglv64.dll
0x00007ffdeef20000 - 0x00007ffdef388000 	C:\WINDOWS\System32\SETUPAPI.dll
0x00007ffdecb80000 - 0x00007ffdecba7000 	C:\WINDOWS\System32\bcrypt.dll
0x00007ffde8710000 - 0x00007ffde8724000 	C:\WINDOWS\SYSTEM32\WTSAPI32.dll
0x00007ffdec6d0000 - 0x00007ffdec6e2000 	C:\WINDOWS\SYSTEM32\msasn1.dll
0x00007ffde51d0000 - 0x00007ffde5201000 	C:\WINDOWS\SYSTEM32\cryptnet.dll
0x00007ffdece90000 - 0x00007ffdecfe6000 	C:\WINDOWS\System32\CRYPT32.dll
0x00007ffde5080000 - 0x00007ffde51c8000 	C:\WINDOWS\SYSTEM32\drvstore.dll
0x00007ffdec4b0000 - 0x00007ffdec4bc000 	C:\WINDOWS\SYSTEM32\cryptbase.dll
0x00007ffded070000 - 0x00007ffded0d7000 	C:\WINDOWS\System32\WINTRUST.dll
0x00007ffde55e0000 - 0x00007ffde561b000 	C:\WINDOWS\SYSTEM32\dxcore.dll
0x00007ffd980c0000 - 0x00007ffd98387000 	C:\WINDOWS\system32\nvspcap64.dll
0x00007ffdeb7e0000 - 0x00007ffdeb844000 	C:\WINDOWS\SYSTEM32\WINSTA.dll
0x00007ffdc7750000 - 0x00007ffdc77ad000 	C:\Users\Joona\AppData\Local\Temp\lwjglJoona\3.3.1-build-7\lwjgl_opengl.dll
0x00007ffde3a80000 - 0x00007ffde3b79000 	C:\WINDOWS\SYSTEM32\textinputframework.dll

dbghelp: loaded successfully - version: 4.0.5 - missing functions: none
symbol engine: initialized successfully - sym options: 0x614 - pdb path: .;C:\Program Files\Java\jdk-16.0.2\bin;C:\WINDOWS\SYSTEM32;C:\WINDOWS\WinSxS\amd64_microsoft.windows.common-controls_6595b64144ccf1df_6.0.19041.1110_none_60b5254171f9507e;C:\Program Files\Java\jdk-16.0.2\bin\server;C:\Users\Joona\AppData\Local\Temp\libgdxJoona\e787ab0a;C:\Users\Joona\AppData\Local\Temp\lwjglJoona\3.3.1-build-7;C:\WINDOWS\System32\DriverStore\FileRepository\nv_dispi.inf_amd64_81d55a78dddd30f4

VM Arguments:
jvm_args: -XX:+ShowCodeDetailsInExceptionMessages 
java_command: com.mygdx.game.DesktopLauncher
java_class_path (initial): C:\Users\Joona\Terrable\terrable\terrable\desktop\bin\main;\Terrable-core\bin\default;C:\Users\Joona\Terrable\terrable\terrable\core\bin\main;C:\Users\Joona\.gradle\caches\modules-2\files-2.1\com.badlogicgames.gdx\gdx-backend-lwjgl3\1.11.0\58a96db4cd349be4292d547856aa1e1c5f065f4e\gdx-backend-lwjgl3-1.11.0.jar;C:\Users\Joona\.gradle\caches\modules-2\files-2.1\com.badlogicgames.gdx\gdx-platform\1.11.0\697fb13eada6d3c6ca648c9788692b0159add126\gdx-platform-1.11.0-natives-desktop.jar;C:\Users\Joona\.gradle\caches\modules-2\files-2.1\com.badlogicgames.gdx\gdx\1.11.0\ffe1206d1004cd9e40027e28964be0fea0399af7\gdx-1.11.0.jar;C:\Users\Joona\.gradle\caches\modules-2\files-2.1\org.lwjgl\lwjgl-glfw\3.3.1\cbac1b8d30cb4795149c1ef540f912671a8616d0\lwjgl-glfw-3.3.1.jar;C:\Users\Joona\.gradle\caches\modules-2\files-2.1\org.lwjgl\lwjgl-glfw\3.3.1\81716978214ecbda15050ca394b06ef61501a49e\lwjgl-glfw-3.3.1-natives-linux.jar;C:\Users\Joona\.gradle\caches\modules-2\files-2.1\org.lwjgl\lwjgl-glfw\3.3.1\816d935933f2dd743074c4e717cc25b55720f294\lwjgl-glfw-3.3.1-natives-linux-arm32.jar;C:\Users\Joona\.gradle\caches\modules-2\files-2.1\org.lwjgl\lwjgl-glfw\3.3.1\513eb39b866d0fe131a18d5c517087805433b029\lwjgl-glfw-3.3.1-natives-linux-arm64.jar;C:\Users\Joona\.gradle\caches\modules-2\files-2.1\org.lwjgl\lwjgl-glfw\3.3.1\9ec4ce1fc8c85fdef03ef4ff2aace6f5775fb280\lwjgl-glfw-3.3.1-natives-macos.jar;C:\Users\Joona\.gradle\caches\modules-2\files-2.1\org.lwjgl\lwjgl-glfw\3.3.1\cac0d3f712a3da7641fa174735a5f315de7ffe0a\lwjgl-glfw-3.3.1-natives-macos-arm64.jar;C:\Users\Joona\.gradle\caches\modules-2\files-2.1\org.lwjgl\lwjgl-glfw\3.3.1\ed892f945cf7e79c8756796f32d00fa4ceaf573b\lwjgl-glfw-3.3.1-natives-windows.jar;C:\Users\Joona\.gradle\caches\modules-2\files-2.1\org.lwjgl\lwjgl-glfw\3.3.1\b997e3391d6ce8f05487e7335d95c606043884a1\lwjgl-glfw-3.3.1-natives-windows-x86.jar;C:\Users\Joona\.gradle\caches\modules-2\files-2.1\org.lwjgl\lwjgl-jemalloc\3.3.1\a817bcf213db49f710603677457567c
Launcher Type: SUN_STANDARD

[Global flags]
     intx CICompilerCount                          = 3                                         {product} {ergonomic}
     uint ConcGCThreads                            = 1                                         {product} {ergonomic}
     uint G1ConcRefinementThreads                  = 4                                         {product} {ergonomic}
   size_t G1HeapRegionSize                         = 1048576                                   {product} {ergonomic}
    uintx GCDrainStackTargetSize                   = 64                                        {product} {ergonomic}
   size_t InitialHeapSize                          = 134217728                                 {product} {ergonomic}
   size_t MarkStackSize                            = 4194304                                   {product} {ergonomic}
   size_t MaxHeapSize                              = 2116026368                                {product} {ergonomic}
   size_t MaxNewSize                               = 1268776960                                {product} {ergonomic}
   size_t MinHeapDeltaBytes                        = 1048576                                   {product} {ergonomic}
   size_t MinHeapSize                              = 8388608                                   {product} {ergonomic}
    uintx NonNMethodCodeHeapSize                   = 5832780                                {pd product} {ergonomic}
    uintx NonProfiledCodeHeapSize                  = 122912730                              {pd product} {ergonomic}
    uintx ProfiledCodeHeapSize                     = 122912730                              {pd product} {ergonomic}
    uintx ReservedCodeCacheSize                    = 251658240                              {pd product} {ergonomic}
     bool SegmentedCodeCache                       = true                                      {product} {ergonomic}
     bool ShowCodeDetailsInExceptionMessages       = true                                   {manageable} {command line}
   size_t SoftMaxHeapSize                          = 2116026368                             {manageable} {ergonomic}
     bool UseCompressedClassPointers               = true                           {product lp64_product} {ergonomic}
     bool UseCompressedOops                        = true                           {product lp64_product} {ergonomic}
     bool UseG1GC                                  = true                                      {product} {ergonomic}
     bool UseLargePagesIndividualAllocation        = false                                  {pd product} {ergonomic}

Logging:
Log output configuration:
 #0: stdout all=warning uptime,level,tags
 #1: stderr all=off uptime,level,tags

Environment Variables:
PATH=C:\Python310\Scripts\;C:\Python310\;C:\Program Files\Common Files\Oracle\Java\javapath;C:\Program Files (x86)\Common Files\Oracle\Java\javapath;C:\WINDOWS\system32;C:\WINDOWS;C:\WINDOWS\System32\Wbem;C:\WINDOWS\System32\WindowsPowerShell\v1.0\;C:\WINDOWS\System32\OpenSSH\;C:\Program Files\NVIDIA Corporation\NVIDIA NvDLISR;C:\Program Files (x86)\NVIDIA Corporation\PhysX\Common;C:\Program Files\Git\cmd;C:\ProgramData\chocolatey\bin;;C:\Program Files\Docker\Docker\resources\bin;C:\ProgramData\DockerDesktop\version-bin;C:\Program Files\nodejs\;C:\Program Files (x86)\Gpg4win\..\GnuPG\bin;C:\Users\Joona\AppData\Local\Microsoft\WindowsApps;;C:\Users\Joona\AppData\Local\Programs\Microsoft VS Code\bin;C:\Program Files\heroku\bin;C:\Users\Joona\AppData\Roaming\npm
USERNAME=Joona
LANG=en_US.UTF-8
OS=Windows_NT
PROCESSOR_IDENTIFIER=Intel64 Family 6 Model 60 Stepping 3, GenuineIntel



---------------  S Y S T E M  ---------------

OS:
 Windows 10 , 64 bit Build 19041 (10.0.19041.2788)
OS uptime: 4 days 8:08 hours

CPU: total 4 (initial active 4) (4 cores per cpu, 1 threads per core) family 6 model 60 stepping 3 microcode 0x27, cx8, cmov, fxsr, mmx, sse, sse2, sse3, ssse3, sse4.1, sse4.2, popcnt, lzcnt, tsc, tscinvbit, avx, avx2, aes, erms, clmul, bmi1, bmi2, fma, vzeroupper, clflush

Memory: 4k page, system-wide physical 8068M (558M free)
TotalPageFile size 20068M (AvailPageFile size 0M)
current process WorkingSet (physical memory assigned to process): 1975M, peak: 1977M
current process commit charge ("private bytes"): 2592M, peak: 2641M

vm_info: Java HotSpot(TM) 64-Bit Server VM (16.0.2+7-67) for windows-amd64 JRE (16.0.2+7-67), built on Jun  8 2021 23:24:19 by "mach5one" with MS VC++ 16.7 (VS2019)

END.
